<?xml version="1.0" encoding="UTF-8"?>
<testsuite name="br.com.achimid.lanchonete.api.FormaPagamentoRestControllerTest" tests="7" skipped="0" failures="0" errors="0" timestamp="2018-01-24T21:56:03" hostname="lourran-PC" time="0.338">
  <properties/>
  <testcase name="rest01GetAllFormaPagamento" classname="br.com.achimid.lanchonete.api.FormaPagamentoRestControllerTest" time="0.053"/>
  <testcase name="rest02PostFormaPagamento" classname="br.com.achimid.lanchonete.api.FormaPagamentoRestControllerTest" time="0.053"/>
  <testcase name="rest03PutFormaPagamento" classname="br.com.achimid.lanchonete.api.FormaPagamentoRestControllerTest" time="0.053"/>
  <testcase name="rest04GetFormaPagamento" classname="br.com.achimid.lanchonete.api.FormaPagamentoRestControllerTest" time="0.042"/>
  <testcase name="rest05DeleteFormaPagamento" classname="br.com.achimid.lanchonete.api.FormaPagamentoRestControllerTest" time="0.06"/>
  <testcase name="rest06DeleteFormaPagamentoNotFound" classname="br.com.achimid.lanchonete.api.FormaPagamentoRestControllerTest" time="0.039"/>
  <testcase name="none" classname="br.com.achimid.lanchonete.api.FormaPagamentoRestControllerTest" time="0.028"/>
  <system-out><![CDATA[2018-01-24 19:56:03.199  INFO 16140 --- [    Test worker] .b.t.c.SpringBootTestContextBootstrapper : Neither @ContextConfiguration nor @ContextHierarchy found for test class [br.com.achimid.lanchonete.api.FormaPagamentoRestControllerTest], using SpringBootContextLoader
2018-01-24 19:56:03.200  INFO 16140 --- [    Test worker] o.s.t.c.support.AbstractContextLoader    : Could not detect default resource locations for test class [br.com.achimid.lanchonete.api.FormaPagamentoRestControllerTest]: no resource found for suffixes {-context.xml, Context.groovy}.
2018-01-24 19:56:03.205  INFO 16140 --- [    Test worker] .b.t.c.SpringBootTestContextBootstrapper : Loaded default TestExecutionListener class names from location [META-INF/spring.factories]: [org.springframework.boot.test.mock.mockito.MockitoTestExecutionListener, org.springframework.boot.test.mock.mockito.ResetMocksTestExecutionListener, org.springframework.boot.test.autoconfigure.restdocs.RestDocsTestExecutionListener, org.springframework.boot.test.autoconfigure.web.client.MockRestServiceServerResetTestExecutionListener, org.springframework.boot.test.autoconfigure.web.servlet.MockMvcPrintOnlyOnFailureTestExecutionListener, org.springframework.boot.test.autoconfigure.web.servlet.WebDriverTestExecutionListener, org.springframework.test.context.web.ServletTestExecutionListener, org.springframework.test.context.support.DirtiesContextBeforeModesTestExecutionListener, org.springframework.test.context.support.DependencyInjectionTestExecutionListener, org.springframework.test.context.support.DirtiesContextTestExecutionListener, org.springframework.test.context.transaction.TransactionalTestExecutionListener, org.springframework.test.context.jdbc.SqlScriptsTestExecutionListener]
2018-01-24 19:56:03.209  INFO 16140 --- [    Test worker] .b.t.c.SpringBootTestContextBootstrapper : Using TestExecutionListeners: [org.springframework.test.context.web.ServletTestExecutionListener@38e575e2, org.springframework.test.context.support.DirtiesContextBeforeModesTestExecutionListener@4a0fe0eb, org.springframework.boot.test.autoconfigure.SpringBootDependencyInjectionTestExecutionListener@363f70d5, org.springframework.test.context.support.DirtiesContextTestExecutionListener@376cdb2d, org.springframework.test.context.transaction.TransactionalTestExecutionListener@2435e247, org.springframework.test.context.jdbc.SqlScriptsTestExecutionListener@11884692, org.springframework.boot.test.autoconfigure.restdocs.RestDocsTestExecutionListener@5c7c25ae, org.springframework.boot.test.autoconfigure.web.servlet.WebDriverTestExecutionListener@d1828bf, org.springframework.boot.test.mock.mockito.ResetMocksTestExecutionListener@634c481, org.springframework.boot.test.autoconfigure.web.servlet.MockMvcPrintOnlyOnFailureTestExecutionListener@55dbbe03, org.springframework.boot.test.autoconfigure.web.client.MockRestServiceServerResetTestExecutionListener@6837a043, org.springframework.boot.test.mock.mockito.MockitoTestExecutionListener@2426202a]
2018-01-24 19:56:03.218  INFO 16140 --- [    Test worker] o.s.b.t.m.w.SpringBootMockServletContext : Initializing Spring FrameworkServlet ''
2018-01-24 19:56:03.218  INFO 16140 --- [    Test worker] o.s.t.web.servlet.TestDispatcherServlet  : FrameworkServlet '': initialization started
2018-01-24 19:56:03.223  INFO 16140 --- [    Test worker] o.s.t.web.servlet.TestDispatcherServlet  : FrameworkServlet '': initialization completed in 5 ms
Hibernate: insert into forma_pagamento (ativo, nome) values (?, ?)
Hibernate: select formapagam0_.id_forma_pagamento as id_forma1_1_0_, formapagam0_.ativo as ativo2_1_0_, formapagam0_.nome as nome3_1_0_ from forma_pagamento formapagam0_ where formapagam0_.id_forma_pagamento=?
2018-01-24 19:56:03.272  INFO 16140 --- [    Test worker] o.s.b.t.m.w.SpringBootMockServletContext : Initializing Spring FrameworkServlet ''
2018-01-24 19:56:03.272  INFO 16140 --- [    Test worker] o.s.t.web.servlet.TestDispatcherServlet  : FrameworkServlet '': initialization started
2018-01-24 19:56:03.276  INFO 16140 --- [    Test worker] o.s.t.web.servlet.TestDispatcherServlet  : FrameworkServlet '': initialization completed in 4 ms
Hibernate: insert into forma_pagamento (ativo, nome) values (?, ?)
Hibernate: insert into forma_pagamento (ativo, nome) values (?, ?)
2018-01-24 19:56:03.326  INFO 16140 --- [    Test worker] o.s.b.t.m.w.SpringBootMockServletContext : Initializing Spring FrameworkServlet ''
2018-01-24 19:56:03.326  INFO 16140 --- [    Test worker] o.s.t.web.servlet.TestDispatcherServlet  : FrameworkServlet '': initialization started
2018-01-24 19:56:03.329  INFO 16140 --- [    Test worker] o.s.t.web.servlet.TestDispatcherServlet  : FrameworkServlet '': initialization completed in 3 ms
Hibernate: insert into forma_pagamento (ativo, nome) values (?, ?)
Hibernate: select formapagam0_.id_forma_pagamento as id_forma1_1_0_, formapagam0_.ativo as ativo2_1_0_, formapagam0_.nome as nome3_1_0_ from forma_pagamento formapagam0_ where formapagam0_.id_forma_pagamento=?
Hibernate: update forma_pagamento set ativo=?, nome=? where id_forma_pagamento=?
2018-01-24 19:56:03.381  INFO 16140 --- [    Test worker] o.s.b.t.m.w.SpringBootMockServletContext : Initializing Spring FrameworkServlet ''
2018-01-24 19:56:03.381  INFO 16140 --- [    Test worker] o.s.t.web.servlet.TestDispatcherServlet  : FrameworkServlet '': initialization started
2018-01-24 19:56:03.385  INFO 16140 --- [    Test worker] o.s.t.web.servlet.TestDispatcherServlet  : FrameworkServlet '': initialization completed in 4 ms
Hibernate: insert into forma_pagamento (ativo, nome) values (?, ?)
Hibernate: select formapagam0_.id_forma_pagamento as id_forma1_1_0_, formapagam0_.ativo as ativo2_1_0_, formapagam0_.nome as nome3_1_0_ from forma_pagamento formapagam0_ where formapagam0_.id_forma_pagamento=?
2018-01-24 19:56:03.424  INFO 16140 --- [    Test worker] o.s.b.t.m.w.SpringBootMockServletContext : Initializing Spring FrameworkServlet ''
2018-01-24 19:56:03.424  INFO 16140 --- [    Test worker] o.s.t.web.servlet.TestDispatcherServlet  : FrameworkServlet '': initialization started
2018-01-24 19:56:03.427  INFO 16140 --- [    Test worker] o.s.t.web.servlet.TestDispatcherServlet  : FrameworkServlet '': initialization completed in 3 ms
Hibernate: insert into forma_pagamento (ativo, nome) values (?, ?)
Hibernate: select count(*) as col_0_0_ from forma_pagamento formapagam0_ where formapagam0_.id_forma_pagamento=?
Hibernate: select count(*) as col_0_0_ from forma_pagamento formapagam0_ where formapagam0_.id_forma_pagamento=?
Hibernate: select formapagam0_.id_forma_pagamento as id_forma1_1_0_, formapagam0_.ativo as ativo2_1_0_, formapagam0_.nome as nome3_1_0_ from forma_pagamento formapagam0_ where formapagam0_.id_forma_pagamento=?
Hibernate: delete from forma_pagamento where id_forma_pagamento=?
2018-01-24 19:56:03.488  INFO 16140 --- [    Test worker] o.s.b.t.m.w.SpringBootMockServletContext : Initializing Spring FrameworkServlet ''
2018-01-24 19:56:03.489  INFO 16140 --- [    Test worker] o.s.t.web.servlet.TestDispatcherServlet  : FrameworkServlet '': initialization started
2018-01-24 19:56:03.497  INFO 16140 --- [    Test worker] o.s.t.web.servlet.TestDispatcherServlet  : FrameworkServlet '': initialization completed in 8 ms
Hibernate: insert into forma_pagamento (ativo, nome) values (?, ?)
Hibernate: select count(*) as col_0_0_ from forma_pagamento formapagam0_ where formapagam0_.id_forma_pagamento=?
2018-01-24 19:56:03.527  INFO 16140 --- [    Test worker] o.s.b.t.m.w.SpringBootMockServletContext : Initializing Spring FrameworkServlet ''
2018-01-24 19:56:03.527  INFO 16140 --- [    Test worker] o.s.t.web.servlet.TestDispatcherServlet  : FrameworkServlet '': initialization started
2018-01-24 19:56:03.538  INFO 16140 --- [    Test worker] o.s.t.web.servlet.TestDispatcherServlet  : FrameworkServlet '': initialization completed in 11 ms
Hibernate: insert into forma_pagamento (ativo, nome) values (?, ?)
]]></system-out>
  <system-err><![CDATA[]]></system-err>
</testsuite>
