<?xml version="1.0" encoding="UTF-8"?>
<testsuite name="br.com.achimid.lanchonete.api.MesaRestControllerTest" tests="7" skipped="0" failures="0" errors="0" timestamp="2018-02-04T14:02:33" hostname="lourran-PC" time="0.23">
  <properties/>
  <testcase name="rest01GetAllMesa" classname="br.com.achimid.lanchonete.api.MesaRestControllerTest" time="0.041"/>
  <testcase name="rest02PostMesa" classname="br.com.achimid.lanchonete.api.MesaRestControllerTest" time="0.03"/>
  <testcase name="rest03PutMesa" classname="br.com.achimid.lanchonete.api.MesaRestControllerTest" time="0.037"/>
  <testcase name="rest04GetMesa" classname="br.com.achimid.lanchonete.api.MesaRestControllerTest" time="0.023"/>
  <testcase name="rest05DeleteMesa" classname="br.com.achimid.lanchonete.api.MesaRestControllerTest" time="0.047"/>
  <testcase name="rest06DeleteMesaNotFound" classname="br.com.achimid.lanchonete.api.MesaRestControllerTest" time="0.024"/>
  <testcase name="none" classname="br.com.achimid.lanchonete.api.MesaRestControllerTest" time="0.019"/>
  <system-out><![CDATA[2018-02-04 12:02:33.231  INFO 2056 --- [    Test worker] .b.t.c.SpringBootTestContextBootstrapper : Neither @ContextConfiguration nor @ContextHierarchy found for test class [br.com.achimid.lanchonete.api.MesaRestControllerTest], using SpringBootContextLoader
2018-02-04 12:02:33.231  INFO 2056 --- [    Test worker] o.s.t.c.support.AbstractContextLoader    : Could not detect default resource locations for test class [br.com.achimid.lanchonete.api.MesaRestControllerTest]: no resource found for suffixes {-context.xml, Context.groovy}.
2018-02-04 12:02:33.236  INFO 2056 --- [    Test worker] .b.t.c.SpringBootTestContextBootstrapper : Loaded default TestExecutionListener class names from location [META-INF/spring.factories]: [org.springframework.boot.test.mock.mockito.MockitoTestExecutionListener, org.springframework.boot.test.mock.mockito.ResetMocksTestExecutionListener, org.springframework.boot.test.autoconfigure.restdocs.RestDocsTestExecutionListener, org.springframework.boot.test.autoconfigure.web.client.MockRestServiceServerResetTestExecutionListener, org.springframework.boot.test.autoconfigure.web.servlet.MockMvcPrintOnlyOnFailureTestExecutionListener, org.springframework.boot.test.autoconfigure.web.servlet.WebDriverTestExecutionListener, org.springframework.test.context.web.ServletTestExecutionListener, org.springframework.test.context.support.DirtiesContextBeforeModesTestExecutionListener, org.springframework.test.context.support.DependencyInjectionTestExecutionListener, org.springframework.test.context.support.DirtiesContextTestExecutionListener, org.springframework.test.context.transaction.TransactionalTestExecutionListener, org.springframework.test.context.jdbc.SqlScriptsTestExecutionListener]
2018-02-04 12:02:33.238  INFO 2056 --- [    Test worker] .b.t.c.SpringBootTestContextBootstrapper : Using TestExecutionListeners: [org.springframework.test.context.web.ServletTestExecutionListener@5a349c2b, org.springframework.test.context.support.DirtiesContextBeforeModesTestExecutionListener@50932b16, org.springframework.boot.test.autoconfigure.SpringBootDependencyInjectionTestExecutionListener@5c9b89ff, org.springframework.test.context.support.DirtiesContextTestExecutionListener@2fbd4144, org.springframework.test.context.transaction.TransactionalTestExecutionListener@5116455c, org.springframework.test.context.jdbc.SqlScriptsTestExecutionListener@18940ff3, org.springframework.boot.test.autoconfigure.web.servlet.WebDriverTestExecutionListener@18c0b96f, org.springframework.boot.test.autoconfigure.restdocs.RestDocsTestExecutionListener@5d326c52, org.springframework.boot.test.mock.mockito.MockitoTestExecutionListener@3e6dfe0d, org.springframework.boot.test.autoconfigure.web.client.MockRestServiceServerResetTestExecutionListener@6be85a4, org.springframework.boot.test.autoconfigure.web.servlet.MockMvcPrintOnlyOnFailureTestExecutionListener@1ba84fdd, org.springframework.boot.test.mock.mockito.ResetMocksTestExecutionListener@5536e006]
2018-02-04 12:02:33.256  INFO 2056 --- [    Test worker] o.s.b.t.m.w.SpringBootMockServletContext : Initializing Spring FrameworkServlet ''
2018-02-04 12:02:33.256  INFO 2056 --- [    Test worker] o.s.t.web.servlet.TestDispatcherServlet  : FrameworkServlet '': initialization started
2018-02-04 12:02:33.260  INFO 2056 --- [    Test worker] o.s.t.web.servlet.TestDispatcherServlet  : FrameworkServlet '': initialization completed in 4 ms
Hibernate: insert into mesa (descricao) values (?)
Hibernate: select mesa0_.id_mesa as id_mesa1_2_0_, mesa0_.descricao as descrica2_2_0_ from mesa mesa0_ where mesa0_.id_mesa=?
2018-02-04 12:02:33.299  INFO 2056 --- [    Test worker] o.s.b.t.m.w.SpringBootMockServletContext : Initializing Spring FrameworkServlet ''
2018-02-04 12:02:33.300  INFO 2056 --- [    Test worker] o.s.t.web.servlet.TestDispatcherServlet  : FrameworkServlet '': initialization started
2018-02-04 12:02:33.303  INFO 2056 --- [    Test worker] o.s.t.web.servlet.TestDispatcherServlet  : FrameworkServlet '': initialization completed in 3 ms
Hibernate: insert into mesa (descricao) values (?)
Hibernate: insert into mesa (descricao) values (?)
2018-02-04 12:02:33.332  INFO 2056 --- [    Test worker] o.s.b.t.m.w.SpringBootMockServletContext : Initializing Spring FrameworkServlet ''
2018-02-04 12:02:33.332  INFO 2056 --- [    Test worker] o.s.t.web.servlet.TestDispatcherServlet  : FrameworkServlet '': initialization started
2018-02-04 12:02:33.335  INFO 2056 --- [    Test worker] o.s.t.web.servlet.TestDispatcherServlet  : FrameworkServlet '': initialization completed in 3 ms
Hibernate: insert into mesa (descricao) values (?)
Hibernate: select mesa0_.id_mesa as id_mesa1_2_0_, mesa0_.descricao as descrica2_2_0_ from mesa mesa0_ where mesa0_.id_mesa=?
Hibernate: update mesa set descricao=? where id_mesa=?
2018-02-04 12:02:33.369  INFO 2056 --- [    Test worker] o.s.b.t.m.w.SpringBootMockServletContext : Initializing Spring FrameworkServlet ''
2018-02-04 12:02:33.369  INFO 2056 --- [    Test worker] o.s.t.web.servlet.TestDispatcherServlet  : FrameworkServlet '': initialization started
2018-02-04 12:02:33.373  INFO 2056 --- [    Test worker] o.s.t.web.servlet.TestDispatcherServlet  : FrameworkServlet '': initialization completed in 4 ms
Hibernate: insert into mesa (descricao) values (?)
Hibernate: select mesa0_.id_mesa as id_mesa1_2_0_, mesa0_.descricao as descrica2_2_0_ from mesa mesa0_ where mesa0_.id_mesa=?
2018-02-04 12:02:33.393  INFO 2056 --- [    Test worker] o.s.b.t.m.w.SpringBootMockServletContext : Initializing Spring FrameworkServlet ''
2018-02-04 12:02:33.393  INFO 2056 --- [    Test worker] o.s.t.web.servlet.TestDispatcherServlet  : FrameworkServlet '': initialization started
2018-02-04 12:02:33.397  INFO 2056 --- [    Test worker] o.s.t.web.servlet.TestDispatcherServlet  : FrameworkServlet '': initialization completed in 4 ms
Hibernate: insert into mesa (descricao) values (?)
Hibernate: select mesa0_.id_mesa as id_mesa1_2_0_, mesa0_.descricao as descrica2_2_0_ from mesa mesa0_ where mesa0_.id_mesa=?
Hibernate: select count(*) as col_0_0_ from mesa mesa0_ where mesa0_.id_mesa=?
Hibernate: delete from mesa where id_mesa=?
2018-02-04 12:02:33.442  INFO 2056 --- [    Test worker] o.s.b.t.m.w.SpringBootMockServletContext : Initializing Spring FrameworkServlet ''
2018-02-04 12:02:33.442  INFO 2056 --- [    Test worker] o.s.t.web.servlet.TestDispatcherServlet  : FrameworkServlet '': initialization started
2018-02-04 12:02:33.445  INFO 2056 --- [    Test worker] o.s.t.web.servlet.TestDispatcherServlet  : FrameworkServlet '': initialization completed in 3 ms
Hibernate: insert into mesa (descricao) values (?)
Hibernate: select mesa0_.id_mesa as id_mesa1_2_0_, mesa0_.descricao as descrica2_2_0_ from mesa mesa0_ where mesa0_.id_mesa=?
2018-02-04 12:02:33.467  INFO 2056 --- [    Test worker] o.s.b.t.m.w.SpringBootMockServletContext : Initializing Spring FrameworkServlet ''
2018-02-04 12:02:33.467  INFO 2056 --- [    Test worker] o.s.t.web.servlet.TestDispatcherServlet  : FrameworkServlet '': initialization started
2018-02-04 12:02:33.471  INFO 2056 --- [    Test worker] o.s.t.web.servlet.TestDispatcherServlet  : FrameworkServlet '': initialization completed in 4 ms
Hibernate: insert into mesa (descricao) values (?)
]]></system-out>
  <system-err><![CDATA[]]></system-err>
</testsuite>
