<?xml version="1.0" encoding="UTF-8"?>
<testsuite name="br.com.achimid.lanchonete.api.FormaPagamentoRestControllerTest" tests="0" skipped="0" failures="0" errors="0" timestamp="1970-01-01T00:00:00" hostname="lourran-PC" time="0.0">
  <properties/>
  <system-out><![CDATA[12:35:25.420 [Test worker] DEBUG org.springframework.test.context.junit4.SpringJUnit4ClassRunner - SpringJUnit4ClassRunner constructor called with [class br.com.achimid.lanchonete.api.FormaPagamentoRestControllerTest]
12:35:25.421 [Test worker] DEBUG org.springframework.test.context.BootstrapUtils - Instantiating CacheAwareContextLoaderDelegate from class [org.springframework.test.context.cache.DefaultCacheAwareContextLoaderDelegate]
12:35:25.421 [Test worker] DEBUG org.springframework.test.context.BootstrapUtils - Instantiating BootstrapContext using constructor [public org.springframework.test.context.support.DefaultBootstrapContext(java.lang.Class,org.springframework.test.context.CacheAwareContextLoaderDelegate)]
12:35:25.422 [Test worker] DEBUG org.springframework.test.context.BootstrapUtils - Instantiating TestContextBootstrapper for test class [br.com.achimid.lanchonete.api.FormaPagamentoRestControllerTest] from class [org.springframework.boot.test.context.SpringBootTestContextBootstrapper]
12:35:25.423 [Test worker] INFO org.springframework.boot.test.context.SpringBootTestContextBootstrapper - Neither @ContextConfiguration nor @ContextHierarchy found for test class [br.com.achimid.lanchonete.api.FormaPagamentoRestControllerTest], using SpringBootContextLoader
12:35:25.424 [Test worker] DEBUG org.springframework.test.context.support.AbstractContextLoader - Did not detect default resource location for test class [br.com.achimid.lanchonete.api.FormaPagamentoRestControllerTest]: class path resource [br/com/achimid/lanchonete/api/FormaPagamentoRestControllerTest-context.xml] does not exist
12:35:25.424 [Test worker] DEBUG org.springframework.test.context.support.AbstractContextLoader - Did not detect default resource location for test class [br.com.achimid.lanchonete.api.FormaPagamentoRestControllerTest]: class path resource [br/com/achimid/lanchonete/api/FormaPagamentoRestControllerTestContext.groovy] does not exist
12:35:25.424 [Test worker] INFO org.springframework.test.context.support.AbstractContextLoader - Could not detect default resource locations for test class [br.com.achimid.lanchonete.api.FormaPagamentoRestControllerTest]: no resource found for suffixes {-context.xml, Context.groovy}.
12:35:25.429 [Test worker] DEBUG org.springframework.test.context.support.ActiveProfilesUtils - Could not find an 'annotation declaring class' for annotation type [org.springframework.test.context.ActiveProfiles] and class [br.com.achimid.lanchonete.api.FormaPagamentoRestControllerTest]
12:35:25.440 [Test worker] DEBUG org.springframework.boot.test.context.SpringBootTestContextBootstrapper - @TestExecutionListeners is not present for class [br.com.achimid.lanchonete.api.FormaPagamentoRestControllerTest]: using defaults.
12:35:25.446 [Test worker] INFO org.springframework.boot.test.context.SpringBootTestContextBootstrapper - Loaded default TestExecutionListener class names from location [META-INF/spring.factories]: [org.springframework.boot.test.mock.mockito.MockitoTestExecutionListener, org.springframework.boot.test.mock.mockito.ResetMocksTestExecutionListener, org.springframework.boot.test.autoconfigure.restdocs.RestDocsTestExecutionListener, org.springframework.boot.test.autoconfigure.web.client.MockRestServiceServerResetTestExecutionListener, org.springframework.boot.test.autoconfigure.web.servlet.MockMvcPrintOnlyOnFailureTestExecutionListener, org.springframework.boot.test.autoconfigure.web.servlet.WebDriverTestExecutionListener, org.springframework.test.context.web.ServletTestExecutionListener, org.springframework.test.context.support.DirtiesContextBeforeModesTestExecutionListener, org.springframework.test.context.support.DependencyInjectionTestExecutionListener, org.springframework.test.context.support.DirtiesContextTestExecutionListener, org.springframework.test.context.transaction.TransactionalTestExecutionListener, org.springframework.test.context.jdbc.SqlScriptsTestExecutionListener]
12:35:25.449 [Test worker] INFO org.springframework.boot.test.context.SpringBootTestContextBootstrapper - Using TestExecutionListeners: [org.springframework.test.context.web.ServletTestExecutionListener@2b9204e, org.springframework.test.context.support.DirtiesContextBeforeModesTestExecutionListener@4c667e36, org.springframework.boot.test.autoconfigure.SpringBootDependencyInjectionTestExecutionListener@a0479ce, org.springframework.test.context.support.DirtiesContextTestExecutionListener@6d3b2fb9, org.springframework.test.context.transaction.TransactionalTestExecutionListener@26cbd900, org.springframework.test.context.jdbc.SqlScriptsTestExecutionListener@59a39421, org.springframework.boot.test.autoconfigure.web.servlet.WebDriverTestExecutionListener@70c05cd2, org.springframework.boot.test.autoconfigure.restdocs.RestDocsTestExecutionListener@44b2e394, org.springframework.boot.test.mock.mockito.MockitoTestExecutionListener@3c4921db, org.springframework.boot.test.autoconfigure.web.client.MockRestServiceServerResetTestExecutionListener@790eb8ef, org.springframework.boot.test.autoconfigure.web.servlet.MockMvcPrintOnlyOnFailureTestExecutionListener@bda5dd0, org.springframework.boot.test.mock.mockito.ResetMocksTestExecutionListener@5827a17c]
12:35:25.450 [Test worker] DEBUG org.springframework.test.annotation.ProfileValueUtils - Retrieved @ProfileValueSourceConfiguration [null] for test class [br.com.achimid.lanchonete.api.FormaPagamentoRestControllerTest]
12:35:25.450 [Test worker] DEBUG org.springframework.test.annotation.ProfileValueUtils - Retrieved ProfileValueSource type [class org.springframework.test.annotation.SystemProfileValueSource] for class [br.com.achimid.lanchonete.api.FormaPagamentoRestControllerTest]
]]></system-out>
  <system-err><![CDATA[]]></system-err>
</testsuite>
