<?xml version="1.0" encoding="UTF-8"?>
<testsuite name="br.com.achimid.lanchonete.api.base.TestBase" tests="0" skipped="0" failures="0" errors="0" timestamp="1970-01-01T00:00:00" hostname="lourran-PC" time="0.0">
  <properties/>
  <system-out><![CDATA[21:01:42.147 [Test worker] DEBUG org.springframework.test.context.junit4.SpringJUnit4ClassRunner - SpringJUnit4ClassRunner constructor called with [class br.com.achimid.lanchonete.api.base.TestBase]
21:01:42.151 [Test worker] DEBUG org.springframework.test.context.BootstrapUtils - Instantiating CacheAwareContextLoaderDelegate from class [org.springframework.test.context.cache.DefaultCacheAwareContextLoaderDelegate]
21:01:42.156 [Test worker] DEBUG org.springframework.test.context.BootstrapUtils - Instantiating BootstrapContext using constructor [public org.springframework.test.context.support.DefaultBootstrapContext(java.lang.Class,org.springframework.test.context.CacheAwareContextLoaderDelegate)]
21:01:42.170 [Test worker] DEBUG org.springframework.test.context.BootstrapUtils - Instantiating TestContextBootstrapper for test class [br.com.achimid.lanchonete.api.base.TestBase] from class [org.springframework.boot.test.context.SpringBootTestContextBootstrapper]
21:01:42.180 [Test worker] INFO org.springframework.boot.test.context.SpringBootTestContextBootstrapper - Neither @ContextConfiguration nor @ContextHierarchy found for test class [br.com.achimid.lanchonete.api.base.TestBase], using SpringBootContextLoader
21:01:42.185 [Test worker] DEBUG org.springframework.test.context.support.AbstractContextLoader - Did not detect default resource location for test class [br.com.achimid.lanchonete.api.base.TestBase]: class path resource [br/com/achimid/lanchonete/api/base/TestBase-context.xml] does not exist
21:01:42.185 [Test worker] DEBUG org.springframework.test.context.support.AbstractContextLoader - Did not detect default resource location for test class [br.com.achimid.lanchonete.api.base.TestBase]: class path resource [br/com/achimid/lanchonete/api/base/TestBaseContext.groovy] does not exist
21:01:42.185 [Test worker] INFO org.springframework.test.context.support.AbstractContextLoader - Could not detect default resource locations for test class [br.com.achimid.lanchonete.api.base.TestBase]: no resource found for suffixes {-context.xml, Context.groovy}.
21:01:42.215 [Test worker] DEBUG org.springframework.test.context.support.ActiveProfilesUtils - Could not find an 'annotation declaring class' for annotation type [org.springframework.test.context.ActiveProfiles] and class [br.com.achimid.lanchonete.api.base.TestBase]
21:01:42.239 [Test worker] DEBUG org.springframework.boot.test.context.SpringBootTestContextBootstrapper - @TestExecutionListeners is not present for class [br.com.achimid.lanchonete.api.base.TestBase]: using defaults.
21:01:42.242 [Test worker] INFO org.springframework.boot.test.context.SpringBootTestContextBootstrapper - Loaded default TestExecutionListener class names from location [META-INF/spring.factories]: [org.springframework.boot.test.mock.mockito.MockitoTestExecutionListener, org.springframework.boot.test.mock.mockito.ResetMocksTestExecutionListener, org.springframework.boot.test.autoconfigure.restdocs.RestDocsTestExecutionListener, org.springframework.boot.test.autoconfigure.web.client.MockRestServiceServerResetTestExecutionListener, org.springframework.boot.test.autoconfigure.web.servlet.MockMvcPrintOnlyOnFailureTestExecutionListener, org.springframework.boot.test.autoconfigure.web.servlet.WebDriverTestExecutionListener, org.springframework.test.context.web.ServletTestExecutionListener, org.springframework.test.context.support.DirtiesContextBeforeModesTestExecutionListener, org.springframework.test.context.support.DependencyInjectionTestExecutionListener, org.springframework.test.context.support.DirtiesContextTestExecutionListener, org.springframework.test.context.transaction.TransactionalTestExecutionListener, org.springframework.test.context.jdbc.SqlScriptsTestExecutionListener]
21:01:42.260 [Test worker] INFO org.springframework.boot.test.context.SpringBootTestContextBootstrapper - Using TestExecutionListeners: [org.springframework.test.context.web.ServletTestExecutionListener@63394084, org.springframework.test.context.support.DirtiesContextBeforeModesTestExecutionListener@127ee730, org.springframework.boot.test.autoconfigure.SpringBootDependencyInjectionTestExecutionListener@4104a8fa, org.springframework.test.context.support.DirtiesContextTestExecutionListener@6e93ac16, org.springframework.test.context.transaction.TransactionalTestExecutionListener@4707fc20, org.springframework.test.context.jdbc.SqlScriptsTestExecutionListener@2225c497, org.springframework.boot.test.autoconfigure.web.servlet.WebDriverTestExecutionListener@4682eb51, org.springframework.boot.test.autoconfigure.restdocs.RestDocsTestExecutionListener@35820c8b, org.springframework.boot.test.mock.mockito.MockitoTestExecutionListener@4d9c00e7, org.springframework.boot.test.autoconfigure.web.client.MockRestServiceServerResetTestExecutionListener@411174bf, org.springframework.boot.test.autoconfigure.web.servlet.MockMvcPrintOnlyOnFailureTestExecutionListener@1098d7af, org.springframework.boot.test.mock.mockito.ResetMocksTestExecutionListener@35db7763]
21:01:42.267 [Test worker] DEBUG org.springframework.test.annotation.ProfileValueUtils - Retrieved @ProfileValueSourceConfiguration [null] for test class [br.com.achimid.lanchonete.api.base.TestBase]
21:01:42.267 [Test worker] DEBUG org.springframework.test.annotation.ProfileValueUtils - Retrieved ProfileValueSource type [class org.springframework.test.annotation.SystemProfileValueSource] for class [br.com.achimid.lanchonete.api.base.TestBase]
]]></system-out>
  <system-err><![CDATA[]]></system-err>
</testsuite>
