<?xml version="1.0" encoding="UTF-8"?>
<testsuite name="br.com.achimid.lanchonete.api.FormaPagamentoRestControllerTest" tests="0" skipped="0" failures="0" errors="0" timestamp="1970-01-01T00:00:00" hostname="lourran-PC" time="0.0">
  <properties/>
  <system-out><![CDATA[2018-01-24 21:01:49.796  INFO 20588 --- [    Test worker] .b.t.c.SpringBootTestContextBootstrapper : Neither @ContextConfiguration nor @ContextHierarchy found for test class [br.com.achimid.lanchonete.api.FormaPagamentoRestControllerTest], using SpringBootContextLoader
2018-01-24 21:01:49.797  INFO 20588 --- [    Test worker] o.s.t.c.support.AbstractContextLoader    : Could not detect default resource locations for test class [br.com.achimid.lanchonete.api.FormaPagamentoRestControllerTest]: no resource found for suffixes {-context.xml, Context.groovy}.
2018-01-24 21:01:49.803  INFO 20588 --- [    Test worker] .b.t.c.SpringBootTestContextBootstrapper : Loaded default TestExecutionListener class names from location [META-INF/spring.factories]: [org.springframework.boot.test.mock.mockito.MockitoTestExecutionListener, org.springframework.boot.test.mock.mockito.ResetMocksTestExecutionListener, org.springframework.boot.test.autoconfigure.restdocs.RestDocsTestExecutionListener, org.springframework.boot.test.autoconfigure.web.client.MockRestServiceServerResetTestExecutionListener, org.springframework.boot.test.autoconfigure.web.servlet.MockMvcPrintOnlyOnFailureTestExecutionListener, org.springframework.boot.test.autoconfigure.web.servlet.WebDriverTestExecutionListener, org.springframework.test.context.web.ServletTestExecutionListener, org.springframework.test.context.support.DirtiesContextBeforeModesTestExecutionListener, org.springframework.test.context.support.DependencyInjectionTestExecutionListener, org.springframework.test.context.support.DirtiesContextTestExecutionListener, org.springframework.test.context.transaction.TransactionalTestExecutionListener, org.springframework.test.context.jdbc.SqlScriptsTestExecutionListener]
2018-01-24 21:01:49.805  INFO 20588 --- [    Test worker] .b.t.c.SpringBootTestContextBootstrapper : Using TestExecutionListeners: [org.springframework.test.context.web.ServletTestExecutionListener@283ff7e7, org.springframework.test.context.support.DirtiesContextBeforeModesTestExecutionListener@2656237f, org.springframework.boot.test.autoconfigure.SpringBootDependencyInjectionTestExecutionListener@30a95edd, org.springframework.test.context.support.DirtiesContextTestExecutionListener@7ec8bff5, org.springframework.test.context.transaction.TransactionalTestExecutionListener@291fef04, org.springframework.test.context.jdbc.SqlScriptsTestExecutionListener@3e456c83, org.springframework.boot.test.autoconfigure.web.servlet.WebDriverTestExecutionListener@44e09220, org.springframework.boot.test.autoconfigure.restdocs.RestDocsTestExecutionListener@7f6cba5e, org.springframework.boot.test.mock.mockito.MockitoTestExecutionListener@295d0d78, org.springframework.boot.test.autoconfigure.web.client.MockRestServiceServerResetTestExecutionListener@3ce94da4, org.springframework.boot.test.autoconfigure.web.servlet.MockMvcPrintOnlyOnFailureTestExecutionListener@7cd8a98b, org.springframework.boot.test.mock.mockito.ResetMocksTestExecutionListener@66fc5204]
]]></system-out>
  <system-err><![CDATA[]]></system-err>
</testsuite>
