<?xml version="1.0" encoding="UTF-8"?>
<testsuite name="br.com.achimid.lanchonete.api.base.TestBase" tests="1" skipped="0" failures="0" errors="0" timestamp="2018-02-04T14:02:25" hostname="lourran-PC" time="0.035">
  <properties/>
  <testcase name="none" classname="br.com.achimid.lanchonete.api.base.TestBase" time="0.035"/>
  <system-out><![CDATA[12:02:17.664 [Test worker] DEBUG org.springframework.test.context.junit4.SpringJUnit4ClassRunner - SpringJUnit4ClassRunner constructor called with [class br.com.achimid.lanchonete.api.base.TestBase]
12:02:17.669 [Test worker] DEBUG org.springframework.test.context.BootstrapUtils - Instantiating CacheAwareContextLoaderDelegate from class [org.springframework.test.context.cache.DefaultCacheAwareContextLoaderDelegate]
12:02:17.675 [Test worker] DEBUG org.springframework.test.context.BootstrapUtils - Instantiating BootstrapContext using constructor [public org.springframework.test.context.support.DefaultBootstrapContext(java.lang.Class,org.springframework.test.context.CacheAwareContextLoaderDelegate)]
12:02:17.688 [Test worker] DEBUG org.springframework.test.context.BootstrapUtils - Instantiating TestContextBootstrapper for test class [br.com.achimid.lanchonete.api.base.TestBase] from class [org.springframework.boot.test.context.SpringBootTestContextBootstrapper]
12:02:17.698 [Test worker] INFO org.springframework.boot.test.context.SpringBootTestContextBootstrapper - Neither @ContextConfiguration nor @ContextHierarchy found for test class [br.com.achimid.lanchonete.api.base.TestBase], using SpringBootContextLoader
12:02:17.701 [Test worker] DEBUG org.springframework.test.context.support.AbstractContextLoader - Did not detect default resource location for test class [br.com.achimid.lanchonete.api.base.TestBase]: class path resource [br/com/achimid/lanchonete/api/base/TestBase-context.xml] does not exist
12:02:17.701 [Test worker] DEBUG org.springframework.test.context.support.AbstractContextLoader - Did not detect default resource location for test class [br.com.achimid.lanchonete.api.base.TestBase]: class path resource [br/com/achimid/lanchonete/api/base/TestBaseContext.groovy] does not exist
12:02:17.701 [Test worker] INFO org.springframework.test.context.support.AbstractContextLoader - Could not detect default resource locations for test class [br.com.achimid.lanchonete.api.base.TestBase]: no resource found for suffixes {-context.xml, Context.groovy}.
12:02:17.730 [Test worker] DEBUG org.springframework.test.context.support.ActiveProfilesUtils - Could not find an 'annotation declaring class' for annotation type [org.springframework.test.context.ActiveProfiles] and class [br.com.achimid.lanchonete.api.base.TestBase]
12:02:17.752 [Test worker] DEBUG org.springframework.boot.test.context.SpringBootTestContextBootstrapper - @TestExecutionListeners is not present for class [br.com.achimid.lanchonete.api.base.TestBase]: using defaults.
12:02:17.756 [Test worker] INFO org.springframework.boot.test.context.SpringBootTestContextBootstrapper - Loaded default TestExecutionListener class names from location [META-INF/spring.factories]: [org.springframework.boot.test.mock.mockito.MockitoTestExecutionListener, org.springframework.boot.test.mock.mockito.ResetMocksTestExecutionListener, org.springframework.boot.test.autoconfigure.restdocs.RestDocsTestExecutionListener, org.springframework.boot.test.autoconfigure.web.client.MockRestServiceServerResetTestExecutionListener, org.springframework.boot.test.autoconfigure.web.servlet.MockMvcPrintOnlyOnFailureTestExecutionListener, org.springframework.boot.test.autoconfigure.web.servlet.WebDriverTestExecutionListener, org.springframework.test.context.web.ServletTestExecutionListener, org.springframework.test.context.support.DirtiesContextBeforeModesTestExecutionListener, org.springframework.test.context.support.DependencyInjectionTestExecutionListener, org.springframework.test.context.support.DirtiesContextTestExecutionListener, org.springframework.test.context.transaction.TransactionalTestExecutionListener, org.springframework.test.context.jdbc.SqlScriptsTestExecutionListener]
12:02:17.779 [Test worker] INFO org.springframework.boot.test.context.SpringBootTestContextBootstrapper - Using TestExecutionListeners: [org.springframework.test.context.web.ServletTestExecutionListener@63394084, org.springframework.test.context.support.DirtiesContextBeforeModesTestExecutionListener@127ee730, org.springframework.boot.test.autoconfigure.SpringBootDependencyInjectionTestExecutionListener@4104a8fa, org.springframework.test.context.support.DirtiesContextTestExecutionListener@6e93ac16, org.springframework.test.context.transaction.TransactionalTestExecutionListener@4707fc20, org.springframework.test.context.jdbc.SqlScriptsTestExecutionListener@2225c497, org.springframework.boot.test.autoconfigure.web.servlet.WebDriverTestExecutionListener@4682eb51, org.springframework.boot.test.autoconfigure.restdocs.RestDocsTestExecutionListener@35820c8b, org.springframework.boot.test.mock.mockito.MockitoTestExecutionListener@4d9c00e7, org.springframework.boot.test.autoconfigure.web.client.MockRestServiceServerResetTestExecutionListener@411174bf, org.springframework.boot.test.autoconfigure.web.servlet.MockMvcPrintOnlyOnFailureTestExecutionListener@1098d7af, org.springframework.boot.test.mock.mockito.ResetMocksTestExecutionListener@35db7763]
12:02:17.781 [Test worker] DEBUG org.springframework.test.annotation.ProfileValueUtils - Retrieved @ProfileValueSourceConfiguration [null] for test class [br.com.achimid.lanchonete.api.base.TestBase]
12:02:17.782 [Test worker] DEBUG org.springframework.test.annotation.ProfileValueUtils - Retrieved ProfileValueSource type [class org.springframework.test.annotation.SystemProfileValueSource] for class [br.com.achimid.lanchonete.api.base.TestBase]
12:02:17.782 [Test worker] DEBUG org.springframework.test.annotation.ProfileValueUtils - Retrieved @ProfileValueSourceConfiguration [null] for test class [br.com.achimid.lanchonete.api.base.TestBase]
12:02:17.782 [Test worker] DEBUG org.springframework.test.annotation.ProfileValueUtils - Retrieved ProfileValueSource type [class org.springframework.test.annotation.SystemProfileValueSource] for class [br.com.achimid.lanchonete.api.base.TestBase]
12:02:17.787 [Test worker] DEBUG org.springframework.test.context.support.AbstractDirtiesContextTestExecutionListener - Before test class: context [DefaultTestContext@77457396 testClass = TestBase, testInstance = [null], testMethod = [null], testException = [null], mergedContextConfiguration = [WebMergedContextConfiguration@6be30658 testClass = TestBase, locations = '{}', classes = '{class br.com.achimid.lanchonete.api.Application, class br.com.achimid.lanchonete.api.Application}', contextInitializerClasses = '[]', activeProfiles = '{}', propertySourceLocations = '{}', propertySourceProperties = '{org.springframework.boot.test.context.SpringBootTestContextBootstrapper=true}', contextCustomizers = set[org.springframework.boot.test.context.SpringBootTestContextCustomizer@2a4c8a6f, org.springframework.boot.test.context.filter.ExcludeFilterContextCustomizer@3c5ad610, org.springframework.boot.test.json.DuplicateJsonObjectContextCustomizerFactory$DuplicateJsonObjectContextCustomizer@658003c, org.springframework.boot.test.mock.mockito.MockitoContextCustomizer@0, org.springframework.boot.test.autoconfigure.properties.PropertyMappingContextCustomizer@0, org.springframework.boot.test.autoconfigure.web.servlet.WebDriverContextCustomizerFactory$Customizer@37d51c01, org.springframework.test.context.web.socket.MockServerContainerContextCustomizer@283436b8], resourceBasePath = 'src/main/webapp', contextLoader = 'org.springframework.boot.test.context.SpringBootContextLoader', parent = [null]]], class annotated with @DirtiesContext [false] with mode [null].
12:02:17.788 [Test worker] DEBUG org.springframework.test.annotation.ProfileValueUtils - Retrieved @ProfileValueSourceConfiguration [null] for test class [br.com.achimid.lanchonete.api.base.TestBase]
12:02:17.788 [Test worker] DEBUG org.springframework.test.annotation.ProfileValueUtils - Retrieved ProfileValueSource type [class org.springframework.test.annotation.SystemProfileValueSource] for class [br.com.achimid.lanchonete.api.base.TestBase]
12:02:17.855 [Test worker] DEBUG org.springframework.core.env.StandardEnvironment - Adding PropertySource 'systemProperties' with lowest search precedence
12:02:17.856 [Test worker] DEBUG org.springframework.core.env.StandardEnvironment - Adding PropertySource 'systemEnvironment' with lowest search precedence
12:02:17.857 [Test worker] DEBUG org.springframework.core.env.StandardEnvironment - Initialized StandardEnvironment with PropertySources [MapPropertySource@646400026 {name='systemProperties', properties={java.runtime.name=OpenJDK Runtime Environment, sun.boot.library.path=/usr/lib/jvm/java-8-openjdk-amd64/jre/lib/amd64, java.vm.version=25.151-b12, java.vm.vendor=Oracle Corporation, java.vendor.url=http://java.oracle.com/, path.separator=:, java.vm.name=OpenJDK 64-Bit Server VM, file.encoding.pkg=sun.io, sun.java.launcher=SUN_STANDARD, user.country=BR, sun.os.patch.level=unknown, java.vm.specification.name=Java Virtual Machine Specification, user.dir=/home/lourran/Documentos/workspace/lanchonete/lanchonete.api, java.runtime.version=1.8.0_151-8u151-b12-0ubuntu0.16.04.2-b12, java.awt.graphicsenv=sun.awt.X11GraphicsEnvironment, java.endorsed.dirs=/usr/lib/jvm/java-8-openjdk-amd64/jre/lib/endorsed, os.arch=amd64, java.io.tmpdir=/tmp, line.separator=
, java.vm.specification.vendor=Oracle Corporation, user.variant=, os.name=Linux, sun.jnu.encoding=UTF-8, java.library.path=/usr/java/packages/lib/amd64:/usr/lib/x86_64-linux-gnu/jni:/lib/x86_64-linux-gnu:/usr/lib/x86_64-linux-gnu:/usr/lib/jni:/lib:/usr/lib, java.specification.name=Java Platform API Specification, java.class.version=52.0, sun.management.compiler=HotSpot 64-Bit Tiered Compilers, os.version=4.13.0-32-generic, user.home=/home/lourran, user.timezone=America/Sao_Paulo, java.awt.printerjob=sun.print.PSPrinterJob, file.encoding=UTF-8, java.specification.version=1.8, java.class.path=/home/lourran/Documentos/workspace/lanchonete/lanchonete.api/build/classes/test:/home/lourran/Documentos/workspace/lanchonete/lanchonete.api/build/resources/test:/home/lourran/Documentos/workspace/lanchonete/lanchonete.api/build/classes/main:/home/lourran/Documentos/workspace/lanchonete/lanchonete.api/build/resources/main:/home/lourran/.gradle/caches/modules-2/files-2.1/org.springframework.boot/spring-boot-starter-data-jpa/1.5.8.RELEASE/55bb5e8aea5707f79ee9888ad75261a7b7df4654/spring-boot-starter-data-jpa-1.5.8.RELEASE.jar:/home/lourran/.gradle/caches/modules-2/files-2.1/org.springframework.boot/spring-boot-starter-web/1.5.8.RELEASE/7e0dc79e3b47be4539ad3c033639133ae6b7a17e/spring-boot-starter-web-1.5.8.RELEASE.jar:/home/lourran/.gradle/caches/modules-2/files-2.1/com.google.code.gson/gson/2.8.1/2a8e0aa38a2e21cb39e2f5a7d6704cbdc941da0/gson-2.8.1.jar:/home/lourran/.gradle/caches/modules-2/files-2.1/org.flywaydb/flyway-core/3.2.1/88347e9a484152e9b80fbad7648d1b552a8cff78/flyway-core-3.2.1.jar:/home/lourran/.gradle/caches/modules-2/files-2.1/io.springfox/springfox-swagger2/2.4.0/c6919bdec913eb5e8204a7757cf86f34201f6aac/springfox-swagger2-2.4.0.jar:/home/lourran/.gradle/caches/modules-2/files-2.1/io.springfox/springfox-swagger-ui/2.4.0/1205fbe70fbbcf6c87b3059a45772e56d8ce6615/springfox-swagger-ui-2.4.0.jar:/home/lourran/.gradle/caches/modules-2/files-2.1/org.springframework.boot/spring-boot-devtools/1.5.8.RELEASE/ea212262e3ae47e76fa176358fcf9ee2780b80da/spring-boot-devtools-1.5.8.RELEASE.jar:/home/lourran/.gradle/caches/modules-2/files-2.1/mysql/mysql-connector-java/5.1.44/61b6b998192c85bb581c6be90e03dcd4b9079db4/mysql-connector-java-5.1.44.jar:/home/lourran/.gradle/caches/modules-2/files-2.1/org.springframework.boot/spring-boot-starter-test/1.5.8.RELEASE/20b767f594924b32950286f1236ab7d68ff861f9/spring-boot-starter-test-1.5.8.RELEASE.jar:/home/lourran/.gradle/caches/modules-2/files-2.1/org.springframework.boot/spring-boot-starter/1.5.8.RELEASE/18048efe1f06569022a53cc3fb2fe9c0162935a3/spring-boot-starter-1.5.8.RELEASE.jar:/home/lourran/.gradle/caches/modules-2/files-2.1/org.springframework.boot/spring-boot-starter-aop/1.5.8.RELEASE/9bc9a40e0718726ed48f6becc509b2d186f1ebcc/spring-boot-starter-aop-1.5.8.RELEASE.jar:/home/lourran/.gradle/caches/modules-2/files-2.1/org.springframework.boot/spring-boot-starter-jdbc/1.5.8.RELEASE/fc98631eba9817c920b9ac1c5845214f49637a33/spring-boot-starter-jdbc-1.5.8.RELEASE.jar:/home/lourran/.gradle/caches/modules-2/files-2.1/org.hibernate/hibernate-core/5.0.12.Final/e58bf1c660e6706d8e2cbb53bae110f574366102/hibernate-core-5.0.12.Final.jar:/home/lourran/.gradle/caches/modules-2/files-2.1/org.hibernate/hibernate-entitymanager/5.0.12.Final/302a526f5058290e9cbd719a5caf9f248d344719/hibernate-entitymanager-5.0.12.Final.jar:/home/lourran/.gradle/caches/modules-2/files-2.1/javax.transaction/javax.transaction-api/1.2/d81aff979d603edd90dcd8db2abc1f4ce6479e3e/javax.transaction-api-1.2.jar:/home/lourran/.gradle/caches/modules-2/files-2.1/org.springframework.data/spring-data-jpa/1.11.8.RELEASE/d674b8407de3d2998c106557fd6a6665de2bc217/spring-data-jpa-1.11.8.RELEASE.jar:/home/lourran/.gradle/caches/modules-2/files-2.1/org.springframework/spring-aspects/4.3.12.RELEASE/b0002bfdd0d58f09fc178afc5f2d0553ff117840/spring-aspects-4.3.12.RELEASE.jar:/home/lourran/.gradle/caches/modules-2/files-2.1/org.springframework.boot/spring-boot-starter-tomcat/1.5.8.RELEASE/cf3b7eb7e192a60ab1dd09e4f8bce82710a5feb0/spring-boot-starter-tomcat-1.5.8.RELEASE.jar:/home/lourran/.gradle/caches/modules-2/files-2.1/org.hibernate/hibernate-validator/5.3.5.Final/622a9bcef2eed6d41b5b8e0662c36212009e375/hibernate-validator-5.3.5.Final.jar:/home/lourran/.gradle/caches/modules-2/files-2.1/com.fasterxml.jackson.core/jackson-databind/2.8.10/f7b83cb2bc4b88d53961e749e1ad32f49ef017b7/jackson-databind-2.8.10.jar:/home/lourran/.gradle/caches/modules-2/files-2.1/org.springframework/spring-web/4.3.12.RELEASE/86c29588cca74d0fc848b194cb13fcdfd12bc990/spring-web-4.3.12.RELEASE.jar:/home/lourran/.gradle/caches/modules-2/files-2.1/org.springframework/spring-webmvc/4.3.12.RELEASE/986e5dcd4435e780f6be64f8185eaa51523cf851/spring-webmvc-4.3.12.RELEASE.jar:/home/lourran/.gradle/caches/modules-2/files-2.1/io.swagger/swagger-annotations/1.5.6/feb5c3bbf4d4c16b24bcccef23d234451e95abf3/swagger-annotations-1.5.6.jar:/home/lourran/.gradle/caches/modules-2/files-2.1/io.swagger/swagger-models/1.5.6/e5c36321b8bbd1e4f10858b5ceededdeeb4844e1/swagger-models-1.5.6.jar:/home/lourran/.gradle/caches/modules-2/files-2.1/io.springfox/springfox-spi/2.4.0/c822599f794e24f3b9350cde430e848d80032306/springfox-spi-2.4.0.jar:/home/lourran/.gradle/caches/modules-2/files-2.1/io.springfox/springfox-schema/2.4.0/5ccdc3f47cf6b888bcf8fd2c127a9dc7b68057d7/springfox-schema-2.4.0.jar:/home/lourran/.gradle/caches/modules-2/files-2.1/io.springfox/springfox-swagger-common/2.4.0/8fe40ed5b97575890c82a04511e57f4c089c9a7b/springfox-swagger-common-2.4.0.jar:/home/lourran/.gradle/caches/modules-2/files-2.1/io.springfox/springfox-spring-web/2.4.0/3cbfea59cc9eec05f278e68d1cbf85de98bab563/springfox-spring-web-2.4.0.jar:/home/lourran/.gradle/caches/modules-2/files-2.1/com.google.guava/guava/18.0/cce0823396aa693798f8882e64213b1772032b09/guava-18.0.jar:/home/lourran/.gradle/caches/modules-2/files-2.1/com.fasterxml/classmate/1.3.4/3d5f48f10bbe4eb7bd862f10c0583be2e0053c6/classmate-1.3.4.jar:/home/lourran/.gradle/caches/modules-2/files-2.1/org.slf4j/slf4j-api/1.7.25/da76ca59f6a57ee3102f8f9bd9cee742973efa8a/slf4j-api-1.7.25.jar:/home/lourran/.gradle/caches/modules-2/files-2.1/org.springframework.plugin/spring-plugin-core/1.2.0.RELEASE/f380e7760032e7d929184f8ad8a33716b75c0657/spring-plugin-core-1.2.0.RELEASE.jar:/home/lourran/.gradle/caches/modules-2/files-2.1/org.springframework.plugin/spring-plugin-metadata/1.2.0.RELEASE/97223fc496b6cab31602eedbd4202aa4fff0d44f/spring-plugin-metadata-1.2.0.RELEASE.jar:/home/lourran/.gradle/caches/modules-2/files-2.1/org.springframework.boot/spring-boot/1.5.8.RELEASE/748ebde51761e12627ad23d064024f342b18f9b4/spring-boot-1.5.8.RELEASE.jar:/home/lourran/.gradle/caches/modules-2/files-2.1/org.springframework.boot/spring-boot-autoconfigure/1.5.8.RELEASE/e4f2efa4c319f4e3613d94fbccfdb5ccda6873e3/spring-boot-autoconfigure-1.5.8.RELEASE.jar:/home/lourran/.gradle/caches/modules-2/files-2.1/org.springframework.boot/spring-boot-test/1.5.8.RELEASE/17dedee86d1a9e9bd409d715fd90650ca1049659/spring-boot-test-1.5.8.RELEASE.jar:/home/lourran/.gradle/caches/modules-2/files-2.1/org.springframework.boot/spring-boot-test-autoconfigure/1.5.8.RELEASE/a8f986cc4b6ecef1417fe50c20984f12f54d15cc/spring-boot-test-autoconfigure-1.5.8.RELEASE.jar:/home/lourran/.gradle/caches/modules-2/files-2.1/com.jayway.jsonpath/json-path/2.2.0/22290d17944bd239fabf5ac69005a60a7ecbbbcb/json-path-2.2.0.jar:/home/lourran/.gradle/caches/modules-2/files-2.1/junit/junit/4.12/2973d150c0dc1fefe998f834810d68f278ea58ec/junit-4.12.jar:/home/lourran/.gradle/caches/modules-2/files-2.1/org.assertj/assertj-core/2.6.0/b532c3fc4f66bcfee4989a3514f1cd56203a33ad/assertj-core-2.6.0.jar:/home/lourran/.gradle/caches/modules-2/files-2.1/org.mockito/mockito-core/1.10.19/e8546f5bef4e061d8dd73895b4e8f40e3fe6effe/mockito-core-1.10.19.jar:/home/lourran/.gradle/caches/modules-2/files-2.1/org.hamcrest/hamcrest-core/1.3/42a25dc3219429f0e5d060061f71acb49bf010a0/hamcrest-core-1.3.jar:/home/lourran/.gradle/caches/modules-2/files-2.1/org.hamcrest/hamcrest-library/1.3/4785a3c21320980282f9f33d0d1264a69040538f/hamcrest-library-1.3.jar:/home/lourran/.gradle/caches/modules-2/files-2.1/org.skyscreamer/jsonassert/1.4.0/9cdbb373a06f6513e51e8c545ee6a5e981463edb/jsonassert-1.4.0.jar:/home/lourran/.gradle/caches/modules-2/files-2.1/org.springframework/spring-core/4.3.12.RELEASE/4cebc69478c6d350dbd5af28e3db7d5694f416e3/spring-core-4.3.12.RELEASE.jar:/home/lourran/.gradle/caches/modules-2/files-2.1/org.springframework/spring-test/4.3.12.RELEASE/825a7ac1014528db722a6cc94cceaef2410cb314/spring-test-4.3.12.RELEASE.jar:/home/lourran/.gradle/caches/modules-2/files-2.1/org.springframework.boot/spring-boot-starter-logging/1.5.8.RELEASE/ebc00a0e46753d90431fdcc5e3d6b9fd3bf1564a/spring-boot-starter-logging-1.5.8.RELEASE.jar:/home/lourran/.gradle/caches/modules-2/files-2.1/org.yaml/snakeyaml/1.17/7a27ea250c5130b2922b86dea63cbb1cc10a660c/snakeyaml-1.17.jar:/home/lourran/.gradle/caches/modules-2/files-2.1/org.springframework/spring-aop/4.3.12.RELEASE/b3fef085902993c2ef874c45c7bfd79296d5a5a4/spring-aop-4.3.12.RELEASE.jar:/home/lourran/.gradle/caches/modules-2/files-2.1/org.aspectj/aspectjweaver/1.8.11/9807e0e13c8a295f15882721db50fa3d142c44a9/aspectjweaver-1.8.11.jar:/home/lourran/.gradle/caches/modules-2/files-2.1/org.apache.tomcat/tomcat-jdbc/8.5.23/6036400a8f2d90dd3ae3a4d09e5136c56002887b/tomcat-jdbc-8.5.23.jar:/home/lourran/.gradle/caches/modules-2/files-2.1/org.springframework/spring-jdbc/4.3.12.RELEASE/5c840abbdc1a1dfd0f79c4a4c25eac0c98e6af22/spring-jdbc-4.3.12.RELEASE.jar:/home/lourran/.gradle/caches/modules-2/files-2.1/org.jboss.logging/jboss-logging/3.3.1.Final/c46217ab74b532568c0ed31dc599db3048bd1b67/jboss-logging-3.3.1.Final.jar:/home/lourran/.gradle/caches/modules-2/files-2.1/org.hibernate.javax.persistence/hibernate-jpa-2.1-api/1.0.0.Final/5e731d961297e5a07290bfaf3db1fbc8bbbf405a/hibernate-jpa-2.1-api-1.0.0.Final.jar:/home/lourran/.gradle/caches/modules-2/files-2.1/org.javassist/javassist/3.21.0-GA/598244f595db5c5fb713731eddbb1c91a58d959b/javassist-3.21.0-GA.jar:/home/lourran/.gradle/caches/modules-2/files-2.1/antlr/antlr/2.7.7/83cd2cd674a217ade95a4bb83a8a14f351f48bd0/antlr-2.7.7.jar:/home/lourran/.gradle/caches/modules-2/files-2.1/org.jboss/jandex/2.0.0.Final/3e899258936f94649c777193e1be846387ed54b3/jandex-2.0.0.Final.jar:/home/lourran/.gradle/caches/modules-2/files-2.1/dom4j/dom4j/1.6.1/5d3ccc056b6f056dbf0dddfdf43894b9065a8f94/dom4j-1.6.1.jar:/home/lourran/.gradle/caches/modules-2/files-2.1/org.hibernate.common/hibernate-commons-annotations/5.0.1.Final/71e1cff3fcb20d3b3af4f3363c3ddb24d33c6879/hibernate-commons-annotations-5.0.1.Final.jar:/home/lourran/.gradle/caches/modules-2/files-2.1/org.springframework.data/spring-data-commons/1.13.8.RELEASE/2853e3c38e02d42529f6c8b247d7bace40c25642/spring-data-commons-1.13.8.RELEASE.jar:/home/lourran/.gradle/caches/modules-2/files-2.1/org.springframework/spring-orm/4.3.12.RELEASE/47bbe35a92944aeedf06a388098581272f8db9bd/spring-orm-4.3.12.RELEASE.jar:/home/lourran/.gradle/caches/modules-2/files-2.1/org.springframework/spring-context/4.3.12.RELEASE/5e6d26f36636f36b7efec1d6a0c5991284fbd95b/spring-context-4.3.12.RELEASE.jar:/home/lourran/.gradle/caches/modules-2/files-2.1/org.springframework/spring-tx/4.3.12.RELEASE/7147b6839b2bf9db3621b79c73b4dddbe69572b6/spring-tx-4.3.12.RELEASE.jar:/home/lourran/.gradle/caches/modules-2/files-2.1/org.springframework/spring-beans/4.3.12.RELEASE/547dd432d47d0f01d9ccbedc4b705f9f7c1240a/spring-beans-4.3.12.RELEASE.jar:/home/lourran/.gradle/caches/modules-2/files-2.1/org.slf4j/jcl-over-slf4j/1.7.25/f8c32b13ff142a513eeb5b6330b1588dcb2c0461/jcl-over-slf4j-1.7.25.jar:/home/lourran/.gradle/caches/modules-2/files-2.1/org.apache.tomcat.embed/tomcat-embed-core/8.5.23/79261793a47f507890ee08f749b9d81774e4f7f0/tomcat-embed-core-8.5.23.jar:/home/lourran/.gradle/caches/modules-2/files-2.1/org.apache.tomcat.embed/tomcat-embed-el/8.5.23/98d979cde444dffa6d434c8377d0123b2dfa614c/tomcat-embed-el-8.5.23.jar:/home/lourran/.gradle/caches/modules-2/files-2.1/org.apache.tomcat.embed/tomcat-embed-websocket/8.5.23/52f07abcae10dc7e1764304b0877def175c2c833/tomcat-embed-websocket-8.5.23.jar:/home/lourran/.gradle/caches/modules-2/files-2.1/javax.validation/validation-api/1.1.0.Final/8613ae82954779d518631e05daa73a6a954817d5/validation-api-1.1.0.Final.jar:/home/lourran/.gradle/caches/modules-2/files-2.1/com.fasterxml.jackson.core/jackson-annotations/2.8.0/45b426f7796b741035581a176744d91090e2e6fb/jackson-annotations-2.8.0.jar:/home/lourran/.gradle/caches/modules-2/files-2.1/com.fasterxml.jackson.core/jackson-core/2.8.10/eb21a035c66ad307e66ec8fce37f5d50fd62d039/jackson-core-2.8.10.jar:/home/lourran/.gradle/caches/modules-2/files-2.1/org.springframework/spring-expression/4.3.12.RELEASE/790f69f6ad7f9da8d4a92c603ad7244c398c8309/spring-expression-4.3.12.RELEASE.jar:/home/lourran/.gradle/caches/modules-2/files-2.1/io.springfox/springfox-core/2.4.0/e11854b8ede27b6eafa56c29e08e6a0e7ac4c278/springfox-core-2.4.0.jar:/home/lourran/.gradle/caches/modules-2/files-2.1/net.minidev/json-smart/2.2.1/5b9e5df7a62d1279b70dc882b041d249c4f0b002/json-smart-2.2.1.jar:/home/lourran/.gradle/caches/modules-2/files-2.1/org.objenesis/objenesis/2.1/87c0ea803b69252868d09308b4618f766f135a96/objenesis-2.1.jar:/home/lourran/.gradle/caches/modules-2/files-2.1/com.vaadin.external.google/android-json/0.0.20131108.vaadin1/fa26d351fe62a6a17f5cda1287c1c6110dec413f/android-json-0.0.20131108.vaadin1.jar:/home/lourran/.gradle/caches/modules-2/files-2.1/ch.qos.logback/logback-classic/1.1.11/ccedfbacef4a6515d2983e3f89ed753d5d4fb665/logback-classic-1.1.11.jar:/home/lourran/.gradle/caches/modules-2/files-2.1/org.slf4j/jul-to-slf4j/1.7.25/af5364cd6679bfffb114f0dec8a157aaa283b76/jul-to-slf4j-1.7.25.jar:/home/lourran/.gradle/caches/modules-2/files-2.1/org.slf4j/log4j-over-slf4j/1.7.25/a87bb47468f47ee7aabbd54f93e133d4215769c3/log4j-over-slf4j-1.7.25.jar:/home/lourran/.gradle/caches/modules-2/files-2.1/org.apache.tomcat/tomcat-juli/8.5.23/98e7f0610b7b2fb8303f11be0210e3f5a56a7d55/tomcat-juli-8.5.23.jar:/home/lourran/.gradle/caches/modules-2/files-2.1/org.apache.tomcat/tomcat-annotations-api/8.5.23/aaf17df9fe0240e9e9d5375d24d5f177174b73d9/tomcat-annotations-api-8.5.23.jar:/home/lourran/.gradle/caches/modules-2/files-2.1/net.minidev/accessors-smart/1.1/a527213f2fea112a04c9bdf0ec0264e34104cd08/accessors-smart-1.1.jar:/home/lourran/.gradle/caches/modules-2/files-2.1/ch.qos.logback/logback-core/1.1.11/88b8df40340eed549fb07e2613879bf6b006704d/logback-core-1.1.11.jar:/home/lourran/.gradle/caches/modules-2/files-2.1/org.ow2.asm/asm/5.0.3/dcc2193db20e19e1feca8b1240dbbc4e190824fa/asm-5.0.3.jar, user.name=lourran, java.vm.specification.version=1.8, sun.java.command=worker.org.gradle.process.internal.worker.GradleWorkerMain 'Gradle Test Executor 1', java.home=/usr/lib/jvm/java-8-openjdk-amd64/jre, sun.arch.data.model=64, user.language=pt, java.specification.vendor=Oracle Corporation, awt.toolkit=sun.awt.X11.XToolkit, java.vm.info=mixed mode, java.version=1.8.0_151, java.ext.dirs=/usr/lib/jvm/java-8-openjdk-amd64/jre/lib/ext:/usr/java/packages/lib/ext, sun.boot.class.path=/usr/lib/jvm/java-8-openjdk-amd64/jre/lib/resources.jar:/usr/lib/jvm/java-8-openjdk-amd64/jre/lib/rt.jar:/usr/lib/jvm/java-8-openjdk-amd64/jre/lib/sunrsasign.jar:/usr/lib/jvm/java-8-openjdk-amd64/jre/lib/jsse.jar:/usr/lib/jvm/java-8-openjdk-amd64/jre/lib/jce.jar:/usr/lib/jvm/java-8-openjdk-amd64/jre/lib/charsets.jar:/usr/lib/jvm/java-8-openjdk-amd64/jre/lib/jfr.jar:/usr/lib/jvm/java-8-openjdk-amd64/jre/classes, java.vendor=Oracle Corporation, org.gradle.test.worker=1, file.separator=/, java.vendor.url.bug=http://bugreport.sun.com/bugreport/, sun.io.unicode.encoding=UnicodeLittle, sun.cpu.endian=little, sun.desktop=gnome, sun.cpu.isalist=}}, SystemEnvironmentPropertySource@1362648837 {name='systemEnvironment', properties={PATH=/home/lourran/bin:/home/lourran/.local/bin:/usr/local/sbin:/usr/local/bin:/usr/sbin:/usr/bin:/sbin:/bin:/usr/games:/usr/local/games:/snap/bin:/usr/lib/jvm/java-8-oracle/bin:/usr/lib/jvm/java-8-oracle/db/bin:/usr/lib/jvm/java-8-oracle/jre/bin, XAUTHORITY=/home/lourran/.Xauthority, XMODIFIERS=@im=ibus, XDG_DATA_DIRS=/usr/share/ubuntu:/usr/share/gnome:/usr/local/share:/usr/share:/var/lib/snapd/desktop:/var/lib/snapd/desktop, GDMSESSION=ubuntu, MANDATORY_PATH=/usr/share/gconf/ubuntu.mandatory.path, GTK_IM_MODULE=ibus, DBUS_SESSION_BUS_ADDRESS=unix:abstract=/tmp/dbus-sWwLIvCLKP, DEFAULTS_PATH=/usr/share/gconf/ubuntu.default.path, XDG_CURRENT_DESKTOP=Unity, UPSTART_SESSION=unix:abstract=/com/ubuntu/upstart-session/1000/1312, QT4_IM_MODULE=xim, QT_LINUX_ACCESSIBILITY_ALWAYS_ON=1, LOGNAME=lourran, JOB=unity-settings-daemon, PWD=/home/lourran, IM_CONFIG_PHASE=1, DERBY_HOME=/usr/lib/jvm/java-8-oracle/db, LANGUAGE=pt_BR:pt:en, SHELL=/usr/bin/zsh, GIO_LAUNCHED_DESKTOP_FILE=/home/lourran/.local/share/applications/tools_jar.desktop, INSTANCE=, J2SDKDIR=/usr/lib/jvm/java-8-oracle, GTK2_MODULES=overlay-scrollbar, UPSTART_INSTANCE=, GNOME_DESKTOP_SESSION_ID=this-is-deprecated, J2REDIR=/usr/lib/jvm/java-8-oracle/jre, GTK_MODULES=gail:atk-bridge:unity-gtk-module, CLUTTER_IM_MODULE=xim, XDG_SESSION_PATH=/org/freedesktop/DisplayManager/Session0, COMPIZ_BIN_PATH=/usr/bin/, SESSIONTYPE=gnome-session, XDG_SESSION_DESKTOP=ubuntu, SHLVL=0, COMPIZ_CONFIG_PROFILE=ubuntu, UPSTART_JOB=unity7, QT_IM_MODULE=ibus, JAVA_HOME=/usr/lib/jvm/java-8-oracle, XDG_CONFIG_DIRS=/etc/xdg/xdg-ubuntu:/usr/share/upstart/xdg:/etc/xdg, GNOME_KEYRING_CONTROL=, LANG=pt_BR.UTF-8, XDG_SEAT_PATH=/org/freedesktop/DisplayManager/Seat0, XDG_SESSION_TYPE=x11, XDG_SESSION_ID=c1, DISPLAY=:0, GDM_LANG=pt_BR, XDG_GREETER_DATA_DIR=/var/lib/lightdm-data/lourran, UPSTART_EVENTS=xsession started, SESSION=ubuntu, GPG_AGENT_INFO=/home/lourran/.gnupg/S.gpg-agent:0:1, DESKTOP_SESSION=ubuntu, USER=lourran, GIO_LAUNCHED_DESKTOP_FILE_PID=1417, QT_ACCESSIBILITY=1, SSH_AUTH_SOCK=/run/user/1000/keyring/ssh, XDG_SEAT=seat0, QT_QPA_PLATFORMTHEME=appmenu-qt5, XDG_RUNTIME_DIR=/run/user/1000, XDG_VTNR=7, HOME=/home/lourran, GNOME_KEYRING_PID=}}]
12:02:17.862 [Test worker] DEBUG org.springframework.core.env.MutablePropertySources - Adding PropertySource 'inline' with highest search precedence
12:02:17.866 [Test worker] DEBUG org.springframework.test.context.support.TestPropertySourceUtils - Adding inlined properties to environment: {spring.jmx.enabled=false, org.springframework.boot.test.context.SpringBootTestContextBootstrapper=true, server.port=-1}
12:02:17.867 [Test worker] DEBUG org.springframework.core.env.StandardEnvironment - Adding PropertySource 'Inlined Test Properties' with highest search precedence

  .   ____          _            __ _ _
 /\\ / ___'_ __ _ _(_)_ __  __ _ \ \ \ \
( ( )\___ | '_ | '_| | '_ \/ _` | \ \ \ \
 \\/  ___)| |_)| | | | | || (_| |  ) ) ) )
  '  |____| .__|_| |_|_| |_\__, | / / / /
 =========|_|==============|___/=/_/_/_/
 :: Spring Boot ::        (v1.5.8.RELEASE)

2018-02-04 12:02:18.138  INFO 2056 --- [    Test worker] b.c.a.lanchonete.api.base.TestBase       : Starting TestBase on lourran-PC with PID 2056 (started by lourran in /home/lourran/Documentos/workspace/lanchonete/lanchonete.api)
2018-02-04 12:02:18.140  INFO 2056 --- [    Test worker] b.c.a.lanchonete.api.base.TestBase       : No active profile set, falling back to default profiles: default
2018-02-04 12:02:18.192  INFO 2056 --- [    Test worker] o.s.w.c.s.GenericWebApplicationContext   : Refreshing org.springframework.web.context.support.GenericWebApplicationContext@3add26b6: startup date [Sun Feb 04 12:02:18 BRST 2018]; root of context hierarchy
2018-02-04 12:02:20.029  INFO 2056 --- [    Test worker] trationDelegate$BeanPostProcessorChecker : Bean 'org.springframework.transaction.annotation.ProxyTransactionManagementConfiguration' of type [org.springframework.transaction.annotation.ProxyTransactionManagementConfiguration$$EnhancerBySpringCGLIB$$865fb78c] is not eligible for getting processed by all BeanPostProcessors (for example: not eligible for auto-proxying)
2018-02-04 12:02:20.488  INFO 2056 --- [    Test worker] o.f.core.internal.util.VersionPrinter    : Flyway 3.2.1 by Boxfuse
2018-02-04 12:02:21.610  INFO 2056 --- [    Test worker] o.f.c.i.dbsupport.DbSupportFactory       : Database: jdbc:mysql://localhost:3306/lanchonete (MySQL 5.7)
2018-02-04 12:02:21.712  INFO 2056 --- [    Test worker] o.f.core.internal.command.DbValidate     : Validated 11 migrations (execution time 00:00.063s)
2018-02-04 12:02:21.755  INFO 2056 --- [    Test worker] o.f.core.internal.command.DbMigrate      : Current version of schema `lanchonete`: 011
2018-02-04 12:02:21.756  INFO 2056 --- [    Test worker] o.f.core.internal.command.DbMigrate      : Schema `lanchonete` is up to date. No migration necessary.
2018-02-04 12:02:22.020  INFO 2056 --- [    Test worker] j.LocalContainerEntityManagerFactoryBean : Building JPA container EntityManagerFactory for persistence unit 'default'
2018-02-04 12:02:22.039  INFO 2056 --- [    Test worker] o.hibernate.jpa.internal.util.LogHelper  : HHH000204: Processing PersistenceUnitInfo [
	name: default
	...]
2018-02-04 12:02:22.096  INFO 2056 --- [    Test worker] org.hibernate.Version                    : HHH000412: Hibernate Core {5.0.12.Final}
2018-02-04 12:02:22.097  INFO 2056 --- [    Test worker] org.hibernate.cfg.Environment            : HHH000206: hibernate.properties not found
2018-02-04 12:02:22.098  INFO 2056 --- [    Test worker] org.hibernate.cfg.Environment            : HHH000021: Bytecode provider name : javassist
2018-02-04 12:02:22.131  INFO 2056 --- [    Test worker] o.hibernate.annotations.common.Version   : HCANN000001: Hibernate Commons Annotations {5.0.1.Final}
2018-02-04 12:02:22.225  INFO 2056 --- [    Test worker] org.hibernate.dialect.Dialect            : HHH000400: Using dialect: org.hibernate.dialect.MySQL5Dialect
2018-02-04 12:02:22.767  INFO 2056 --- [    Test worker] j.LocalContainerEntityManagerFactoryBean : Initialized JPA EntityManagerFactory for persistence unit 'default'
2018-02-04 12:02:23.767  INFO 2056 --- [    Test worker] s.w.s.m.m.a.RequestMappingHandlerMapping : Mapped "{[/api/v1/categoria],methods=[GET]}" onto public java.util.List<br.com.achimid.lanchonete.api.categoria.Categoria> br.com.achimid.lanchonete.api.categoria.CategoriaController.index()
2018-02-04 12:02:23.768  INFO 2056 --- [    Test worker] s.w.s.m.m.a.RequestMappingHandlerMapping : Mapped "{[/api/v1/categoria/{id}],methods=[GET]}" onto public org.springframework.http.HttpEntity<br.com.achimid.lanchonete.api.categoria.Categoria> br.com.achimid.lanchonete.api.categoria.CategoriaController.get(java.lang.Long)
2018-02-04 12:02:23.769  INFO 2056 --- [    Test worker] s.w.s.m.m.a.RequestMappingHandlerMapping : Mapped "{[/api/v1/categoria],methods=[PUT]}" onto public org.springframework.http.HttpEntity<?> br.com.achimid.lanchonete.api.categoria.CategoriaController.update(br.com.achimid.lanchonete.api.categoria.Categoria)
2018-02-04 12:02:23.769  INFO 2056 --- [    Test worker] s.w.s.m.m.a.RequestMappingHandlerMapping : Mapped "{[/api/v1/categoria/{id}],methods=[DELETE]}" onto public org.springframework.http.HttpEntity<?> br.com.achimid.lanchonete.api.categoria.CategoriaController.delete(java.lang.Long)
2018-02-04 12:02:23.770  INFO 2056 --- [    Test worker] s.w.s.m.m.a.RequestMappingHandlerMapping : Mapped "{[/api/v1/categoria],methods=[POST]}" onto public org.springframework.http.HttpEntity<br.com.achimid.lanchonete.api.categoria.Categoria> br.com.achimid.lanchonete.api.categoria.CategoriaController.create(br.com.achimid.lanchonete.api.categoria.Categoria)
2018-02-04 12:02:23.781  INFO 2056 --- [    Test worker] s.w.s.m.m.a.RequestMappingHandlerMapping : Mapped "{[/api/v1/venda/{id}],methods=[GET]}" onto public org.springframework.http.HttpEntity<br.com.achimid.lanchonete.api.compra.venda.Venda> br.com.achimid.lanchonete.api.compra.venda.VendaController.getVenda(java.lang.Long)
2018-02-04 12:02:23.781  INFO 2056 --- [    Test worker] s.w.s.m.m.a.RequestMappingHandlerMapping : Mapped "{[/api/v1/venda],methods=[POST]}" onto public org.springframework.http.HttpEntity<br.com.achimid.lanchonete.api.compra.venda.Venda> br.com.achimid.lanchonete.api.compra.venda.VendaController.checkouVenda(br.com.achimid.lanchonete.api.compra.venda.Venda)
2018-02-04 12:02:23.782  INFO 2056 --- [    Test worker] s.w.s.m.m.a.RequestMappingHandlerMapping : Mapped "{[/api/v1/venda/checkoutVendaMesa],methods=[POST]}" onto public org.springframework.http.HttpEntity<br.com.achimid.lanchonete.api.compra.venda.Venda> br.com.achimid.lanchonete.api.compra.venda.VendaController.checkouVenda(br.com.achimid.lanchonete.api.compra.vendaMesa.VendaMesa)
2018-02-04 12:02:23.783  INFO 2056 --- [    Test worker] s.w.s.m.m.a.RequestMappingHandlerMapping : Mapped "{[/api/v1/venda/consolidaVenda],methods=[POST]}" onto public org.springframework.http.HttpEntity<br.com.achimid.lanchonete.api.compra.venda.Venda> br.com.achimid.lanchonete.api.compra.venda.VendaController.consolidaVenda(br.com.achimid.lanchonete.api.compra.venda.Venda)
2018-02-04 12:02:23.784  INFO 2056 --- [    Test worker] s.w.s.m.m.a.RequestMappingHandlerMapping : Mapped "{[/api/v1/venda],methods=[GET]}" onto public java.util.List<br.com.achimid.lanchonete.api.compra.venda.Venda> br.com.achimid.lanchonete.api.compra.venda.VendaController.index()
2018-02-04 12:02:23.791  INFO 2056 --- [    Test worker] s.w.s.m.m.a.RequestMappingHandlerMapping : Mapped "{[/api/v1/formaPagamento],methods=[GET]}" onto public java.util.List<br.com.achimid.lanchonete.api.formaPagamento.FormaPagamento> br.com.achimid.lanchonete.api.formaPagamento.FormaPagamentoController.index()
2018-02-04 12:02:23.797  INFO 2056 --- [    Test worker] s.w.s.m.m.a.RequestMappingHandlerMapping : Mapped "{[/api/v1/formaPagamento/{id}],methods=[GET]}" onto public org.springframework.http.HttpEntity<br.com.achimid.lanchonete.api.formaPagamento.FormaPagamento> br.com.achimid.lanchonete.api.formaPagamento.FormaPagamentoController.get(java.lang.Long)
2018-02-04 12:02:23.798  INFO 2056 --- [    Test worker] s.w.s.m.m.a.RequestMappingHandlerMapping : Mapped "{[/api/v1/formaPagamento],methods=[PUT]}" onto public org.springframework.http.HttpEntity<?> br.com.achimid.lanchonete.api.formaPagamento.FormaPagamentoController.update(br.com.achimid.lanchonete.api.formaPagamento.FormaPagamento)
2018-02-04 12:02:23.798  INFO 2056 --- [    Test worker] s.w.s.m.m.a.RequestMappingHandlerMapping : Mapped "{[/api/v1/formaPagamento/{id}],methods=[DELETE]}" onto public org.springframework.http.HttpEntity<?> br.com.achimid.lanchonete.api.formaPagamento.FormaPagamentoController.delete(java.lang.Long)
2018-02-04 12:02:23.798  INFO 2056 --- [    Test worker] s.w.s.m.m.a.RequestMappingHandlerMapping : Mapped "{[/api/v1/formaPagamento],methods=[POST]}" onto public org.springframework.http.HttpEntity<br.com.achimid.lanchonete.api.formaPagamento.FormaPagamento> br.com.achimid.lanchonete.api.formaPagamento.FormaPagamentoController.create(br.com.achimid.lanchonete.api.formaPagamento.FormaPagamento)
2018-02-04 12:02:23.811  INFO 2056 --- [    Test worker] s.w.s.m.m.a.RequestMappingHandlerMapping : Mapped "{[/api/v1/mesa],methods=[GET]}" onto public java.util.List<br.com.achimid.lanchonete.api.mesa.Mesa> br.com.achimid.lanchonete.api.mesa.MesaController.index()
2018-02-04 12:02:23.811  INFO 2056 --- [    Test worker] s.w.s.m.m.a.RequestMappingHandlerMapping : Mapped "{[/api/v1/mesa/{id}],methods=[GET]}" onto public org.springframework.http.HttpEntity<br.com.achimid.lanchonete.api.mesa.Mesa> br.com.achimid.lanchonete.api.mesa.MesaController.get(java.lang.Long)
2018-02-04 12:02:23.812  INFO 2056 --- [    Test worker] s.w.s.m.m.a.RequestMappingHandlerMapping : Mapped "{[/api/v1/mesa],methods=[PUT]}" onto public org.springframework.http.HttpEntity<?> br.com.achimid.lanchonete.api.mesa.MesaController.update(br.com.achimid.lanchonete.api.mesa.Mesa)
2018-02-04 12:02:23.813  INFO 2056 --- [    Test worker] s.w.s.m.m.a.RequestMappingHandlerMapping : Mapped "{[/api/v1/mesa/{id}],methods=[DELETE]}" onto public org.springframework.http.HttpEntity<?> br.com.achimid.lanchonete.api.mesa.MesaController.delete(java.lang.Long)
2018-02-04 12:02:23.814  INFO 2056 --- [    Test worker] s.w.s.m.m.a.RequestMappingHandlerMapping : Mapped "{[/api/v1/mesa],methods=[POST]}" onto public org.springframework.http.HttpEntity<br.com.achimid.lanchonete.api.mesa.Mesa> br.com.achimid.lanchonete.api.mesa.MesaController.create(br.com.achimid.lanchonete.api.mesa.Mesa)
2018-02-04 12:02:23.832  INFO 2056 --- [    Test worker] s.w.s.m.m.a.RequestMappingHandlerMapping : Mapped "{[/api/v1/produto],methods=[GET]}" onto public java.util.List<br.com.achimid.lanchonete.api.produto.Produto> br.com.achimid.lanchonete.api.produto.ProdutoController.index(java.lang.Long)
2018-02-04 12:02:23.835  INFO 2056 --- [    Test worker] s.w.s.m.m.a.RequestMappingHandlerMapping : Mapped "{[/api/v1/produto/{id}],methods=[GET]}" onto public org.springframework.http.HttpEntity<br.com.achimid.lanchonete.api.produto.Produto> br.com.achimid.lanchonete.api.produto.ProdutoController.get(java.lang.Long)
2018-02-04 12:02:23.837  INFO 2056 --- [    Test worker] s.w.s.m.m.a.RequestMappingHandlerMapping : Mapped "{[/api/v1/produto],methods=[PUT]}" onto public org.springframework.http.HttpEntity<?> br.com.achimid.lanchonete.api.produto.ProdutoController.update(br.com.achimid.lanchonete.api.produto.Produto)
2018-02-04 12:02:23.840  INFO 2056 --- [    Test worker] s.w.s.m.m.a.RequestMappingHandlerMapping : Mapped "{[/api/v1/produto/{id}],methods=[DELETE]}" onto public org.springframework.http.HttpEntity<?> br.com.achimid.lanchonete.api.produto.ProdutoController.delete(java.lang.Long)
2018-02-04 12:02:23.841  INFO 2056 --- [    Test worker] s.w.s.m.m.a.RequestMappingHandlerMapping : Mapped "{[/api/v1/produto],methods=[POST]}" onto public org.springframework.http.HttpEntity<br.com.achimid.lanchonete.api.produto.Produto> br.com.achimid.lanchonete.api.produto.ProdutoController.create(br.com.achimid.lanchonete.api.produto.Produto)
2018-02-04 12:02:23.844  INFO 2056 --- [    Test worker] s.w.s.m.m.a.RequestMappingHandlerMapping : Mapped "{[/v2/api-docs],methods=[GET],produces=[application/json || application/hal+json]}" onto public org.springframework.http.ResponseEntity<springfox.documentation.spring.web.json.Json> springfox.documentation.swagger2.web.Swagger2Controller.getDocumentation(java.lang.String,javax.servlet.http.HttpServletRequest)
2018-02-04 12:02:23.850  INFO 2056 --- [    Test worker] s.w.s.m.m.a.RequestMappingHandlerMapping : Mapped "{[/configuration/security]}" onto org.springframework.http.ResponseEntity<springfox.documentation.swagger.web.SecurityConfiguration> springfox.documentation.swagger.web.ApiResourceController.securityConfiguration()
2018-02-04 12:02:23.851  INFO 2056 --- [    Test worker] s.w.s.m.m.a.RequestMappingHandlerMapping : Mapped "{[/configuration/ui]}" onto org.springframework.http.ResponseEntity<springfox.documentation.swagger.web.UiConfiguration> springfox.documentation.swagger.web.ApiResourceController.uiConfiguration()
2018-02-04 12:02:23.854  INFO 2056 --- [    Test worker] s.w.s.m.m.a.RequestMappingHandlerMapping : Mapped "{[/swagger-resources]}" onto org.springframework.http.ResponseEntity<java.util.List<springfox.documentation.swagger.web.SwaggerResource>> springfox.documentation.swagger.web.ApiResourceController.swaggerResources()
2018-02-04 12:02:23.863  INFO 2056 --- [    Test worker] s.w.s.m.m.a.RequestMappingHandlerMapping : Mapped "{[/error],produces=[text/html]}" onto public org.springframework.web.servlet.ModelAndView org.springframework.boot.autoconfigure.web.BasicErrorController.errorHtml(javax.servlet.http.HttpServletRequest,javax.servlet.http.HttpServletResponse)
2018-02-04 12:02:23.863  INFO 2056 --- [    Test worker] s.w.s.m.m.a.RequestMappingHandlerMapping : Mapped "{[/error]}" onto public org.springframework.http.ResponseEntity<java.util.Map<java.lang.String, java.lang.Object>> org.springframework.boot.autoconfigure.web.BasicErrorController.error(javax.servlet.http.HttpServletRequest)
2018-02-04 12:02:24.458  INFO 2056 --- [    Test worker] s.w.s.m.m.a.RequestMappingHandlerAdapter : Looking for @ControllerAdvice: org.springframework.web.context.support.GenericWebApplicationContext@3add26b6: startup date [Sun Feb 04 12:02:18 BRST 2018]; root of context hierarchy
2018-02-04 12:02:24.510  INFO 2056 --- [    Test worker] o.s.w.s.handler.SimpleUrlHandlerMapping  : Root mapping to handler of type [class org.springframework.web.servlet.mvc.ParameterizableViewController]
2018-02-04 12:02:24.532  INFO 2056 --- [    Test worker] o.s.w.s.handler.SimpleUrlHandlerMapping  : Mapped URL path [/swagger-ui.html] onto handler of type [class org.springframework.web.servlet.resource.ResourceHttpRequestHandler]
2018-02-04 12:02:24.532  INFO 2056 --- [    Test worker] o.s.w.s.handler.SimpleUrlHandlerMapping  : Mapped URL path [/webjars/**] onto handler of type [class org.springframework.web.servlet.resource.ResourceHttpRequestHandler]
2018-02-04 12:02:24.532  INFO 2056 --- [    Test worker] o.s.w.s.handler.SimpleUrlHandlerMapping  : Mapped URL path [/**] onto handler of type [class org.springframework.web.servlet.resource.ResourceHttpRequestHandler]
2018-02-04 12:02:24.583  INFO 2056 --- [    Test worker] o.s.w.s.handler.SimpleUrlHandlerMapping  : Mapped URL path [/**/favicon.ico] onto handler of type [class org.springframework.web.servlet.resource.ResourceHttpRequestHandler]
2018-02-04 12:02:24.901  INFO 2056 --- [    Test worker] d.s.w.p.DocumentationPluginsBootstrapper : Context refreshed
2018-02-04 12:02:24.922  INFO 2056 --- [    Test worker] d.s.w.p.DocumentationPluginsBootstrapper : Found 1 custom documentation plugin(s)
2018-02-04 12:02:24.931  INFO 2056 --- [    Test worker] s.d.s.w.s.ApiListingReferenceScanner     : Scanning for api listing references
2018-02-04 12:02:25.193  INFO 2056 --- [    Test worker] .d.s.w.r.o.CachingOperationNameGenerator : Generating unique operation named: createUsingPOST_1
2018-02-04 12:02:25.198  INFO 2056 --- [    Test worker] .d.s.w.r.o.CachingOperationNameGenerator : Generating unique operation named: deleteUsingDELETE_1
2018-02-04 12:02:25.202  INFO 2056 --- [    Test worker] .d.s.w.r.o.CachingOperationNameGenerator : Generating unique operation named: getUsingGET_1
2018-02-04 12:02:25.207  INFO 2056 --- [    Test worker] .d.s.w.r.o.CachingOperationNameGenerator : Generating unique operation named: indexUsingGET_1
2018-02-04 12:02:25.211  INFO 2056 --- [    Test worker] .d.s.w.r.o.CachingOperationNameGenerator : Generating unique operation named: updateUsingPUT_1
2018-02-04 12:02:25.220  INFO 2056 --- [    Test worker] .d.s.w.r.o.CachingOperationNameGenerator : Generating unique operation named: createUsingPOST_2
2018-02-04 12:02:25.225  INFO 2056 --- [    Test worker] .d.s.w.r.o.CachingOperationNameGenerator : Generating unique operation named: deleteUsingDELETE_2
2018-02-04 12:02:25.230  INFO 2056 --- [    Test worker] .d.s.w.r.o.CachingOperationNameGenerator : Generating unique operation named: getUsingGET_2
2018-02-04 12:02:25.236  INFO 2056 --- [    Test worker] .d.s.w.r.o.CachingOperationNameGenerator : Generating unique operation named: indexUsingGET_2
2018-02-04 12:02:25.241  INFO 2056 --- [    Test worker] .d.s.w.r.o.CachingOperationNameGenerator : Generating unique operation named: updateUsingPUT_2
2018-02-04 12:02:25.256  INFO 2056 --- [    Test worker] .d.s.w.r.o.CachingOperationNameGenerator : Generating unique operation named: createUsingPOST_3
2018-02-04 12:02:25.288  INFO 2056 --- [    Test worker] .d.s.w.r.o.CachingOperationNameGenerator : Generating unique operation named: deleteUsingDELETE_3
2018-02-04 12:02:25.294  INFO 2056 --- [    Test worker] .d.s.w.r.o.CachingOperationNameGenerator : Generating unique operation named: getUsingGET_3
2018-02-04 12:02:25.304  INFO 2056 --- [    Test worker] .d.s.w.r.o.CachingOperationNameGenerator : Generating unique operation named: indexUsingGET_3
2018-02-04 12:02:25.310  INFO 2056 --- [    Test worker] .d.s.w.r.o.CachingOperationNameGenerator : Generating unique operation named: updateUsingPUT_3
2018-02-04 12:02:25.338  INFO 2056 --- [    Test worker] .d.s.w.r.o.CachingOperationNameGenerator : Generating unique operation named: checkouVendaUsingPOST_1
2018-02-04 12:02:25.352  INFO 2056 --- [    Test worker] .d.s.w.r.o.CachingOperationNameGenerator : Generating unique operation named: indexUsingGET_4
2018-02-04 12:02:25.371  INFO 2056 --- [    Test worker] b.c.a.lanchonete.api.base.TestBase       : Started TestBase in 7.496 seconds (JVM running for 8.371)
]]></system-out>
  <system-err><![CDATA[Sun Feb 04 12:02:20 BRST 2018 WARN: Establishing SSL connection without server's identity verification is not recommended. According to MySQL 5.5.45+, 5.6.26+ and 5.7.6+ requirements SSL connection must be established by default if explicit option isn't set. For compliance with existing applications not using SSL the verifyServerCertificate property is set to 'false'. You need either to explicitly disable SSL by setting useSSL=false, or set useSSL=true and provide truststore for server certificate verification.
Sun Feb 04 12:02:20 BRST 2018 WARN: Establishing SSL connection without server's identity verification is not recommended. According to MySQL 5.5.45+, 5.6.26+ and 5.7.6+ requirements SSL connection must be established by default if explicit option isn't set. For compliance with existing applications not using SSL the verifyServerCertificate property is set to 'false'. You need either to explicitly disable SSL by setting useSSL=false, or set useSSL=true and provide truststore for server certificate verification.
Sun Feb 04 12:02:21 BRST 2018 WARN: Establishing SSL connection without server's identity verification is not recommended. According to MySQL 5.5.45+, 5.6.26+ and 5.7.6+ requirements SSL connection must be established by default if explicit option isn't set. For compliance with existing applications not using SSL the verifyServerCertificate property is set to 'false'. You need either to explicitly disable SSL by setting useSSL=false, or set useSSL=true and provide truststore for server certificate verification.
Sun Feb 04 12:02:21 BRST 2018 WARN: Establishing SSL connection without server's identity verification is not recommended. According to MySQL 5.5.45+, 5.6.26+ and 5.7.6+ requirements SSL connection must be established by default if explicit option isn't set. For compliance with existing applications not using SSL the verifyServerCertificate property is set to 'false'. You need either to explicitly disable SSL by setting useSSL=false, or set useSSL=true and provide truststore for server certificate verification.
Sun Feb 04 12:02:21 BRST 2018 WARN: Establishing SSL connection without server's identity verification is not recommended. According to MySQL 5.5.45+, 5.6.26+ and 5.7.6+ requirements SSL connection must be established by default if explicit option isn't set. For compliance with existing applications not using SSL the verifyServerCertificate property is set to 'false'. You need either to explicitly disable SSL by setting useSSL=false, or set useSSL=true and provide truststore for server certificate verification.
Sun Feb 04 12:02:21 BRST 2018 WARN: Establishing SSL connection without server's identity verification is not recommended. According to MySQL 5.5.45+, 5.6.26+ and 5.7.6+ requirements SSL connection must be established by default if explicit option isn't set. For compliance with existing applications not using SSL the verifyServerCertificate property is set to 'false'. You need either to explicitly disable SSL by setting useSSL=false, or set useSSL=true and provide truststore for server certificate verification.
Sun Feb 04 12:02:21 BRST 2018 WARN: Establishing SSL connection without server's identity verification is not recommended. According to MySQL 5.5.45+, 5.6.26+ and 5.7.6+ requirements SSL connection must be established by default if explicit option isn't set. For compliance with existing applications not using SSL the verifyServerCertificate property is set to 'false'. You need either to explicitly disable SSL by setting useSSL=false, or set useSSL=true and provide truststore for server certificate verification.
Sun Feb 04 12:02:21 BRST 2018 WARN: Establishing SSL connection without server's identity verification is not recommended. According to MySQL 5.5.45+, 5.6.26+ and 5.7.6+ requirements SSL connection must be established by default if explicit option isn't set. For compliance with existing applications not using SSL the verifyServerCertificate property is set to 'false'. You need either to explicitly disable SSL by setting useSSL=false, or set useSSL=true and provide truststore for server certificate verification.
Sun Feb 04 12:02:21 BRST 2018 WARN: Establishing SSL connection without server's identity verification is not recommended. According to MySQL 5.5.45+, 5.6.26+ and 5.7.6+ requirements SSL connection must be established by default if explicit option isn't set. For compliance with existing applications not using SSL the verifyServerCertificate property is set to 'false'. You need either to explicitly disable SSL by setting useSSL=false, or set useSSL=true and provide truststore for server certificate verification.
Sun Feb 04 12:02:21 BRST 2018 WARN: Establishing SSL connection without server's identity verification is not recommended. According to MySQL 5.5.45+, 5.6.26+ and 5.7.6+ requirements SSL connection must be established by default if explicit option isn't set. For compliance with existing applications not using SSL the verifyServerCertificate property is set to 'false'. You need either to explicitly disable SSL by setting useSSL=false, or set useSSL=true and provide truststore for server certificate verification.
]]></system-err>
</testsuite>
