<?xml version="1.0" encoding="UTF-8"?>
<testsuite name="br.com.achimid.lanchonete.api.CategoriaRestControllerTest" tests="0" skipped="0" failures="0" errors="0" timestamp="1970-01-01T00:00:00" hostname="lourran-PC" time="0.0">
  <properties/>
  <system-out><![CDATA[12:35:25.278 [Test worker] DEBUG org.springframework.test.context.junit4.SpringJUnit4ClassRunner - SpringJUnit4ClassRunner constructor called with [class br.com.achimid.lanchonete.api.CategoriaRestControllerTest]
12:35:25.278 [Test worker] DEBUG org.springframework.test.context.BootstrapUtils - Instantiating CacheAwareContextLoaderDelegate from class [org.springframework.test.context.cache.DefaultCacheAwareContextLoaderDelegate]
12:35:25.278 [Test worker] DEBUG org.springframework.test.context.BootstrapUtils - Instantiating BootstrapContext using constructor [public org.springframework.test.context.support.DefaultBootstrapContext(java.lang.Class,org.springframework.test.context.CacheAwareContextLoaderDelegate)]
12:35:25.279 [Test worker] DEBUG org.springframework.test.context.BootstrapUtils - Instantiating TestContextBootstrapper for test class [br.com.achimid.lanchonete.api.CategoriaRestControllerTest] from class [org.springframework.boot.test.context.SpringBootTestContextBootstrapper]
12:35:25.282 [Test worker] INFO org.springframework.boot.test.context.SpringBootTestContextBootstrapper - Neither @ContextConfiguration nor @ContextHierarchy found for test class [br.com.achimid.lanchonete.api.CategoriaRestControllerTest], using SpringBootContextLoader
12:35:25.282 [Test worker] DEBUG org.springframework.test.context.support.AbstractContextLoader - Did not detect default resource location for test class [br.com.achimid.lanchonete.api.CategoriaRestControllerTest]: class path resource [br/com/achimid/lanchonete/api/CategoriaRestControllerTest-context.xml] does not exist
12:35:25.284 [Test worker] DEBUG org.springframework.test.context.support.AbstractContextLoader - Did not detect default resource location for test class [br.com.achimid.lanchonete.api.CategoriaRestControllerTest]: class path resource [br/com/achimid/lanchonete/api/CategoriaRestControllerTestContext.groovy] does not exist
12:35:25.284 [Test worker] INFO org.springframework.test.context.support.AbstractContextLoader - Could not detect default resource locations for test class [br.com.achimid.lanchonete.api.CategoriaRestControllerTest]: no resource found for suffixes {-context.xml, Context.groovy}.
12:35:25.294 [Test worker] DEBUG org.springframework.test.context.support.ActiveProfilesUtils - Could not find an 'annotation declaring class' for annotation type [org.springframework.test.context.ActiveProfiles] and class [br.com.achimid.lanchonete.api.CategoriaRestControllerTest]
12:35:25.298 [Test worker] DEBUG org.springframework.boot.test.context.SpringBootTestContextBootstrapper - @TestExecutionListeners is not present for class [br.com.achimid.lanchonete.api.CategoriaRestControllerTest]: using defaults.
12:35:25.301 [Test worker] INFO org.springframework.boot.test.context.SpringBootTestContextBootstrapper - Loaded default TestExecutionListener class names from location [META-INF/spring.factories]: [org.springframework.boot.test.mock.mockito.MockitoTestExecutionListener, org.springframework.boot.test.mock.mockito.ResetMocksTestExecutionListener, org.springframework.boot.test.autoconfigure.restdocs.RestDocsTestExecutionListener, org.springframework.boot.test.autoconfigure.web.client.MockRestServiceServerResetTestExecutionListener, org.springframework.boot.test.autoconfigure.web.servlet.MockMvcPrintOnlyOnFailureTestExecutionListener, org.springframework.boot.test.autoconfigure.web.servlet.WebDriverTestExecutionListener, org.springframework.test.context.web.ServletTestExecutionListener, org.springframework.test.context.support.DirtiesContextBeforeModesTestExecutionListener, org.springframework.test.context.support.DependencyInjectionTestExecutionListener, org.springframework.test.context.support.DirtiesContextTestExecutionListener, org.springframework.test.context.transaction.TransactionalTestExecutionListener, org.springframework.test.context.jdbc.SqlScriptsTestExecutionListener]
12:35:25.303 [Test worker] INFO org.springframework.boot.test.context.SpringBootTestContextBootstrapper - Using TestExecutionListeners: [org.springframework.test.context.web.ServletTestExecutionListener@5c6441fa, org.springframework.test.context.support.DirtiesContextBeforeModesTestExecutionListener@60b5ce36, org.springframework.boot.test.autoconfigure.SpringBootDependencyInjectionTestExecutionListener@6ea27d81, org.springframework.test.context.support.DirtiesContextTestExecutionListener@701e19e6, org.springframework.test.context.transaction.TransactionalTestExecutionListener@e0bed8e, org.springframework.test.context.jdbc.SqlScriptsTestExecutionListener@40815607, org.springframework.boot.test.autoconfigure.web.servlet.WebDriverTestExecutionListener@3d3265e3, org.springframework.boot.test.autoconfigure.restdocs.RestDocsTestExecutionListener@3d638a8a, org.springframework.boot.test.mock.mockito.MockitoTestExecutionListener@6c557735, org.springframework.boot.test.autoconfigure.web.client.MockRestServiceServerResetTestExecutionListener@262e25d6, org.springframework.boot.test.autoconfigure.web.servlet.MockMvcPrintOnlyOnFailureTestExecutionListener@81d418d, org.springframework.boot.test.mock.mockito.ResetMocksTestExecutionListener@290badde]
12:35:25.304 [Test worker] DEBUG org.springframework.test.annotation.ProfileValueUtils - Retrieved @ProfileValueSourceConfiguration [null] for test class [br.com.achimid.lanchonete.api.CategoriaRestControllerTest]
12:35:25.304 [Test worker] DEBUG org.springframework.test.annotation.ProfileValueUtils - Retrieved ProfileValueSource type [class org.springframework.test.annotation.SystemProfileValueSource] for class [br.com.achimid.lanchonete.api.CategoriaRestControllerTest]
]]></system-out>
  <system-err><![CDATA[]]></system-err>
</testsuite>
