<?xml version="1.0" encoding="UTF-8"?>
<testsuite name="br.com.achimid.lanchonete.api.VendaRestControllerTest" tests="3" skipped="0" failures="0" errors="0" timestamp="2018-02-04T14:02:31" hostname="lourran-PC" time="1.724">
  <properties/>
  <testcase name="rest01VendaCheckout" classname="br.com.achimid.lanchonete.api.VendaRestControllerTest" time="0.927"/>
  <testcase name="rest02GetVenda" classname="br.com.achimid.lanchonete.api.VendaRestControllerTest" time="0.179"/>
  <testcase name="none" classname="br.com.achimid.lanchonete.api.VendaRestControllerTest" time="0.616"/>
  <system-out><![CDATA[2018-02-04 12:02:31.488  INFO 2056 --- [    Test worker] .b.t.c.SpringBootTestContextBootstrapper : Neither @ContextConfiguration nor @ContextHierarchy found for test class [br.com.achimid.lanchonete.api.VendaRestControllerTest], using SpringBootContextLoader
2018-02-04 12:02:31.488  INFO 2056 --- [    Test worker] o.s.t.c.support.AbstractContextLoader    : Could not detect default resource locations for test class [br.com.achimid.lanchonete.api.VendaRestControllerTest]: no resource found for suffixes {-context.xml, Context.groovy}.
2018-02-04 12:02:31.495  INFO 2056 --- [    Test worker] .b.t.c.SpringBootTestContextBootstrapper : Loaded default TestExecutionListener class names from location [META-INF/spring.factories]: [org.springframework.boot.test.mock.mockito.MockitoTestExecutionListener, org.springframework.boot.test.mock.mockito.ResetMocksTestExecutionListener, org.springframework.boot.test.autoconfigure.restdocs.RestDocsTestExecutionListener, org.springframework.boot.test.autoconfigure.web.client.MockRestServiceServerResetTestExecutionListener, org.springframework.boot.test.autoconfigure.web.servlet.MockMvcPrintOnlyOnFailureTestExecutionListener, org.springframework.boot.test.autoconfigure.web.servlet.WebDriverTestExecutionListener, org.springframework.test.context.web.ServletTestExecutionListener, org.springframework.test.context.support.DirtiesContextBeforeModesTestExecutionListener, org.springframework.test.context.support.DependencyInjectionTestExecutionListener, org.springframework.test.context.support.DirtiesContextTestExecutionListener, org.springframework.test.context.transaction.TransactionalTestExecutionListener, org.springframework.test.context.jdbc.SqlScriptsTestExecutionListener]
2018-02-04 12:02:31.500  INFO 2056 --- [    Test worker] .b.t.c.SpringBootTestContextBootstrapper : Using TestExecutionListeners: [org.springframework.test.context.web.ServletTestExecutionListener@768dbdb6, org.springframework.test.context.support.DirtiesContextBeforeModesTestExecutionListener@7c98f722, org.springframework.boot.test.autoconfigure.SpringBootDependencyInjectionTestExecutionListener@3ff07940, org.springframework.test.context.support.DirtiesContextTestExecutionListener@403d93ff, org.springframework.test.context.transaction.TransactionalTestExecutionListener@5bc6f643, org.springframework.test.context.jdbc.SqlScriptsTestExecutionListener@60dc2bfe, org.springframework.boot.test.autoconfigure.web.servlet.WebDriverTestExecutionListener@5cda74dc, org.springframework.boot.test.autoconfigure.restdocs.RestDocsTestExecutionListener@70d4a6d3, org.springframework.boot.test.mock.mockito.MockitoTestExecutionListener@1c4c3264, org.springframework.boot.test.autoconfigure.web.client.MockRestServiceServerResetTestExecutionListener@1dce79c8, org.springframework.boot.test.autoconfigure.web.servlet.MockMvcPrintOnlyOnFailureTestExecutionListener@12bd8239, org.springframework.boot.test.mock.mockito.ResetMocksTestExecutionListener@478a4c83]
2018-02-04 12:02:31.506  INFO 2056 --- [    Test worker] o.s.b.t.m.w.SpringBootMockServletContext : Initializing Spring FrameworkServlet ''
2018-02-04 12:02:31.506  INFO 2056 --- [    Test worker] o.s.t.web.servlet.TestDispatcherServlet  : FrameworkServlet '': initialization started
2018-02-04 12:02:31.510  INFO 2056 --- [    Test worker] o.s.t.web.servlet.TestDispatcherServlet  : FrameworkServlet '': initialization completed in 4 ms
Hibernate: insert into forma_pagamento (ativo, nome, url_img) values (?, ?, ?)
Hibernate: insert into forma_pagamento (ativo, nome, url_img) values (?, ?, ?)
Hibernate: insert into categoria (descricao, nome, url, url_img) values (?, ?, ?, ?)
Hibernate: insert into produto (categoria_id_categoria, descricao, nome, url, url_img, valor_custo, valor_venda) values (?, ?, ?, ?, ?, ?, ?)
Hibernate: insert into categoria (descricao, nome, url, url_img) values (?, ?, ?, ?)
Hibernate: insert into produto (categoria_id_categoria, descricao, nome, url, url_img, valor_custo, valor_venda) values (?, ?, ?, ?, ?, ?, ?)
Hibernate: insert into categoria (descricao, nome, url, url_img) values (?, ?, ?, ?)
Hibernate: insert into produto (categoria_id_categoria, descricao, nome, url, url_img, valor_custo, valor_venda) values (?, ?, ?, ?, ?, ?, ?)
Hibernate: select produto0_.id_produto as id_produ1_3_0_, produto0_.categoria_id_categoria as categori8_3_0_, produto0_.descricao as descrica2_3_0_, produto0_.nome as nome3_3_0_, produto0_.url as url4_3_0_, produto0_.url_img as url_img5_3_0_, produto0_.valor_custo as valor_cu6_3_0_, produto0_.valor_venda as valor_ve7_3_0_, categoria1_.id_categoria as id_categ1_0_1_, categoria1_.descricao as descrica2_0_1_, categoria1_.nome as nome3_0_1_, categoria1_.url as url4_0_1_, categoria1_.url_img as url_img5_0_1_ from produto produto0_ inner join categoria categoria1_ on produto0_.categoria_id_categoria=categoria1_.id_categoria where produto0_.id_produto=?
Hibernate: select produto0_.id_produto as id_produ1_3_0_, produto0_.categoria_id_categoria as categori8_3_0_, produto0_.descricao as descrica2_3_0_, produto0_.nome as nome3_3_0_, produto0_.url as url4_3_0_, produto0_.url_img as url_img5_3_0_, produto0_.valor_custo as valor_cu6_3_0_, produto0_.valor_venda as valor_ve7_3_0_, categoria1_.id_categoria as id_categ1_0_1_, categoria1_.descricao as descrica2_0_1_, categoria1_.nome as nome3_0_1_, categoria1_.url as url4_0_1_, categoria1_.url_img as url_img5_0_1_ from produto produto0_ inner join categoria categoria1_ on produto0_.categoria_id_categoria=categoria1_.id_categoria where produto0_.id_produto=?
Hibernate: select produto0_.id_produto as id_produ1_3_0_, produto0_.categoria_id_categoria as categori8_3_0_, produto0_.descricao as descrica2_3_0_, produto0_.nome as nome3_3_0_, produto0_.url as url4_3_0_, produto0_.url_img as url_img5_3_0_, produto0_.valor_custo as valor_cu6_3_0_, produto0_.valor_venda as valor_ve7_3_0_, categoria1_.id_categoria as id_categ1_0_1_, categoria1_.descricao as descrica2_0_1_, categoria1_.nome as nome3_0_1_, categoria1_.url as url4_0_1_, categoria1_.url_img as url_img5_0_1_ from produto produto0_ inner join categoria categoria1_ on produto0_.categoria_id_categoria=categoria1_.id_categoria where produto0_.id_produto=?
Hibernate: insert into venda (data_venda, valor_final) values (?, ?)
Hibernate: insert into venda_item (observacao, produto_id_produto, qtde, valor, venda_id_venda) values (?, ?, ?, ?, ?)
Hibernate: insert into venda_item (observacao, produto_id_produto, qtde, valor, venda_id_venda) values (?, ?, ?, ?, ?)
Hibernate: insert into venda_item (observacao, produto_id_produto, qtde, valor, venda_id_venda) values (?, ?, ?, ?, ?)
Hibernate: insert into venda_pagamento (forma_pagamento_id_forma_pagamento, valor, venda_id_venda) values (?, ?, ?)
Hibernate: insert into venda_pagamento (forma_pagamento_id_forma_pagamento, valor, venda_id_venda) values (?, ?, ?)
Hibernate: insert into mesa (descricao) values (?)
Hibernate: select produto0_.id_produto as id_produ1_3_0_, produto0_.categoria_id_categoria as categori8_3_0_, produto0_.descricao as descrica2_3_0_, produto0_.nome as nome3_3_0_, produto0_.url as url4_3_0_, produto0_.url_img as url_img5_3_0_, produto0_.valor_custo as valor_cu6_3_0_, produto0_.valor_venda as valor_ve7_3_0_, categoria1_.id_categoria as id_categ1_0_1_, categoria1_.descricao as descrica2_0_1_, categoria1_.nome as nome3_0_1_, categoria1_.url as url4_0_1_, categoria1_.url_img as url_img5_0_1_ from produto produto0_ inner join categoria categoria1_ on produto0_.categoria_id_categoria=categoria1_.id_categoria where produto0_.id_produto=?
Hibernate: select produto0_.id_produto as id_produ1_3_0_, produto0_.categoria_id_categoria as categori8_3_0_, produto0_.descricao as descrica2_3_0_, produto0_.nome as nome3_3_0_, produto0_.url as url4_3_0_, produto0_.url_img as url_img5_3_0_, produto0_.valor_custo as valor_cu6_3_0_, produto0_.valor_venda as valor_ve7_3_0_, categoria1_.id_categoria as id_categ1_0_1_, categoria1_.descricao as descrica2_0_1_, categoria1_.nome as nome3_0_1_, categoria1_.url as url4_0_1_, categoria1_.url_img as url_img5_0_1_ from produto produto0_ inner join categoria categoria1_ on produto0_.categoria_id_categoria=categoria1_.id_categoria where produto0_.id_produto=?
Hibernate: select produto0_.id_produto as id_produ1_3_0_, produto0_.categoria_id_categoria as categori8_3_0_, produto0_.descricao as descrica2_3_0_, produto0_.nome as nome3_3_0_, produto0_.url as url4_3_0_, produto0_.url_img as url_img5_3_0_, produto0_.valor_custo as valor_cu6_3_0_, produto0_.valor_venda as valor_ve7_3_0_, categoria1_.id_categoria as id_categ1_0_1_, categoria1_.descricao as descrica2_0_1_, categoria1_.nome as nome3_0_1_, categoria1_.url as url4_0_1_, categoria1_.url_img as url_img5_0_1_ from produto produto0_ inner join categoria categoria1_ on produto0_.categoria_id_categoria=categoria1_.id_categoria where produto0_.id_produto=?
Hibernate: select venda0_.id_venda as id_venda1_4_1_, venda0_.data_venda as data_ven2_4_1_, venda0_.valor_final as valor_fi3_4_1_, listaitens1_.id_venda_item as id_venda1_5_3_, listaitens1_.id_venda_item as id_venda1_5_0_, listaitens1_.observacao as observac2_5_0_, listaitens1_.produto_id_produto as produto_5_5_0_, listaitens1_.qtde as qtde3_5_0_, listaitens1_.valor as valor4_5_0_, listaitens1_.venda_id_venda as venda_id6_5_0_ from venda venda0_ left outer join venda_item listaitens1_ on venda0_.id_venda=listaitens1_.id_venda_item where venda0_.id_venda=?
Hibernate: select vendaitem0_.id_venda_item as id_venda1_5_0_, vendaitem0_.observacao as observac2_5_0_, vendaitem0_.produto_id_produto as produto_5_5_0_, vendaitem0_.qtde as qtde3_5_0_, vendaitem0_.valor as valor4_5_0_, vendaitem0_.venda_id_venda as venda_id6_5_0_ from venda_item vendaitem0_ where vendaitem0_.id_venda_item=?
Hibernate: select vendaitem0_.id_venda_item as id_venda1_5_0_, vendaitem0_.observacao as observac2_5_0_, vendaitem0_.produto_id_produto as produto_5_5_0_, vendaitem0_.qtde as qtde3_5_0_, vendaitem0_.valor as valor4_5_0_, vendaitem0_.venda_id_venda as venda_id6_5_0_ from venda_item vendaitem0_ where vendaitem0_.id_venda_item=?
Hibernate: select vendaitem0_.id_venda_item as id_venda1_5_0_, vendaitem0_.observacao as observac2_5_0_, vendaitem0_.produto_id_produto as produto_5_5_0_, vendaitem0_.qtde as qtde3_5_0_, vendaitem0_.valor as valor4_5_0_, vendaitem0_.venda_id_venda as venda_id6_5_0_ from venda_item vendaitem0_ where vendaitem0_.id_venda_item=?
Hibernate: select vendapagam0_.id_venda_pagamento as id_venda1_7_0_, vendapagam0_.forma_pagamento_id_forma_pagamento as forma_pa3_7_0_, vendapagam0_.valor as valor2_7_0_, vendapagam0_.venda_id_venda as venda_id4_7_0_ from venda_pagamento vendapagam0_ where vendapagam0_.id_venda_pagamento=?
Hibernate: select formapagam0_.id_forma_pagamento as id_forma1_1_0_, formapagam0_.ativo as ativo2_1_0_, formapagam0_.nome as nome3_1_0_, formapagam0_.url_img as url_img4_1_0_ from forma_pagamento formapagam0_ where formapagam0_.id_forma_pagamento=?
Hibernate: select vendapagam0_.id_venda_pagamento as id_venda1_7_0_, vendapagam0_.forma_pagamento_id_forma_pagamento as forma_pa3_7_0_, vendapagam0_.valor as valor2_7_0_, vendapagam0_.venda_id_venda as venda_id4_7_0_ from venda_pagamento vendapagam0_ where vendapagam0_.id_venda_pagamento=?
Hibernate: select formapagam0_.id_forma_pagamento as id_forma1_1_0_, formapagam0_.ativo as ativo2_1_0_, formapagam0_.nome as nome3_1_0_, formapagam0_.url_img as url_img4_1_0_ from forma_pagamento formapagam0_ where formapagam0_.id_forma_pagamento=?
Hibernate: insert into venda_mesa (mesa_id_mesa, status, venda_id_venda) values (?, ?, ?)
Hibernate: update venda set data_venda=?, valor_final=? where id_venda=?
Hibernate: update venda_item set observacao=?, produto_id_produto=?, qtde=?, valor=?, venda_id_venda=? where id_venda_item=?
Hibernate: update venda_item set observacao=?, produto_id_produto=?, qtde=?, valor=?, venda_id_venda=? where id_venda_item=?
Hibernate: update venda_item set observacao=?, produto_id_produto=?, qtde=?, valor=?, venda_id_venda=? where id_venda_item=?
Hibernate: update venda_pagamento set forma_pagamento_id_forma_pagamento=?, valor=?, venda_id_venda=? where id_venda_pagamento=?
Hibernate: update venda_pagamento set forma_pagamento_id_forma_pagamento=?, valor=?, venda_id_venda=? where id_venda_pagamento=?
Hibernate: insert into categoria (descricao, nome, url, url_img) values (?, ?, ?, ?)
Hibernate: insert into produto (categoria_id_categoria, descricao, nome, url, url_img, valor_custo, valor_venda) values (?, ?, ?, ?, ?, ?, ?)
Hibernate: insert into categoria (descricao, nome, url, url_img) values (?, ?, ?, ?)
Hibernate: insert into produto (categoria_id_categoria, descricao, nome, url, url_img, valor_custo, valor_venda) values (?, ?, ?, ?, ?, ?, ?)
Hibernate: insert into categoria (descricao, nome, url, url_img) values (?, ?, ?, ?)
Hibernate: insert into produto (categoria_id_categoria, descricao, nome, url, url_img, valor_custo, valor_venda) values (?, ?, ?, ?, ?, ?, ?)
Hibernate: insert into forma_pagamento (ativo, nome, url_img) values (?, ?, ?)
Hibernate: insert into forma_pagamento (ativo, nome, url_img) values (?, ?, ?)
Hibernate: select produto0_.id_produto as id_produ1_3_0_, produto0_.categoria_id_categoria as categori8_3_0_, produto0_.descricao as descrica2_3_0_, produto0_.nome as nome3_3_0_, produto0_.url as url4_3_0_, produto0_.url_img as url_img5_3_0_, produto0_.valor_custo as valor_cu6_3_0_, produto0_.valor_venda as valor_ve7_3_0_, categoria1_.id_categoria as id_categ1_0_1_, categoria1_.descricao as descrica2_0_1_, categoria1_.nome as nome3_0_1_, categoria1_.url as url4_0_1_, categoria1_.url_img as url_img5_0_1_ from produto produto0_ inner join categoria categoria1_ on produto0_.categoria_id_categoria=categoria1_.id_categoria where produto0_.id_produto=?
Hibernate: select produto0_.id_produto as id_produ1_3_0_, produto0_.categoria_id_categoria as categori8_3_0_, produto0_.descricao as descrica2_3_0_, produto0_.nome as nome3_3_0_, produto0_.url as url4_3_0_, produto0_.url_img as url_img5_3_0_, produto0_.valor_custo as valor_cu6_3_0_, produto0_.valor_venda as valor_ve7_3_0_, categoria1_.id_categoria as id_categ1_0_1_, categoria1_.descricao as descrica2_0_1_, categoria1_.nome as nome3_0_1_, categoria1_.url as url4_0_1_, categoria1_.url_img as url_img5_0_1_ from produto produto0_ inner join categoria categoria1_ on produto0_.categoria_id_categoria=categoria1_.id_categoria where produto0_.id_produto=?
Hibernate: select produto0_.id_produto as id_produ1_3_0_, produto0_.categoria_id_categoria as categori8_3_0_, produto0_.descricao as descrica2_3_0_, produto0_.nome as nome3_3_0_, produto0_.url as url4_3_0_, produto0_.url_img as url_img5_3_0_, produto0_.valor_custo as valor_cu6_3_0_, produto0_.valor_venda as valor_ve7_3_0_, categoria1_.id_categoria as id_categ1_0_1_, categoria1_.descricao as descrica2_0_1_, categoria1_.nome as nome3_0_1_, categoria1_.url as url4_0_1_, categoria1_.url_img as url_img5_0_1_ from produto produto0_ inner join categoria categoria1_ on produto0_.categoria_id_categoria=categoria1_.id_categoria where produto0_.id_produto=?
Hibernate: insert into venda (data_venda, valor_final) values (?, ?)
Hibernate: insert into venda_item (observacao, produto_id_produto, qtde, valor, venda_id_venda) values (?, ?, ?, ?, ?)
Hibernate: insert into venda_item (observacao, produto_id_produto, qtde, valor, venda_id_venda) values (?, ?, ?, ?, ?)
Hibernate: insert into venda_item (observacao, produto_id_produto, qtde, valor, venda_id_venda) values (?, ?, ?, ?, ?)
Hibernate: insert into venda_pagamento (forma_pagamento_id_forma_pagamento, valor, venda_id_venda) values (?, ?, ?)
Hibernate: insert into venda_pagamento (forma_pagamento_id_forma_pagamento, valor, venda_id_venda) values (?, ?, ?)
2018-02-04 12:02:32.435  INFO 2056 --- [    Test worker] o.s.b.t.m.w.SpringBootMockServletContext : Initializing Spring FrameworkServlet ''
2018-02-04 12:02:32.435  INFO 2056 --- [    Test worker] o.s.t.web.servlet.TestDispatcherServlet  : FrameworkServlet '': initialization started
2018-02-04 12:02:32.437  INFO 2056 --- [    Test worker] o.s.t.web.servlet.TestDispatcherServlet  : FrameworkServlet '': initialization completed in 2 ms
Hibernate: insert into forma_pagamento (ativo, nome, url_img) values (?, ?, ?)
Hibernate: insert into forma_pagamento (ativo, nome, url_img) values (?, ?, ?)
Hibernate: insert into categoria (descricao, nome, url, url_img) values (?, ?, ?, ?)
Hibernate: insert into produto (categoria_id_categoria, descricao, nome, url, url_img, valor_custo, valor_venda) values (?, ?, ?, ?, ?, ?, ?)
Hibernate: insert into categoria (descricao, nome, url, url_img) values (?, ?, ?, ?)
Hibernate: insert into produto (categoria_id_categoria, descricao, nome, url, url_img, valor_custo, valor_venda) values (?, ?, ?, ?, ?, ?, ?)
Hibernate: insert into categoria (descricao, nome, url, url_img) values (?, ?, ?, ?)
Hibernate: insert into produto (categoria_id_categoria, descricao, nome, url, url_img, valor_custo, valor_venda) values (?, ?, ?, ?, ?, ?, ?)
Hibernate: select produto0_.id_produto as id_produ1_3_0_, produto0_.categoria_id_categoria as categori8_3_0_, produto0_.descricao as descrica2_3_0_, produto0_.nome as nome3_3_0_, produto0_.url as url4_3_0_, produto0_.url_img as url_img5_3_0_, produto0_.valor_custo as valor_cu6_3_0_, produto0_.valor_venda as valor_ve7_3_0_, categoria1_.id_categoria as id_categ1_0_1_, categoria1_.descricao as descrica2_0_1_, categoria1_.nome as nome3_0_1_, categoria1_.url as url4_0_1_, categoria1_.url_img as url_img5_0_1_ from produto produto0_ inner join categoria categoria1_ on produto0_.categoria_id_categoria=categoria1_.id_categoria where produto0_.id_produto=?
Hibernate: select produto0_.id_produto as id_produ1_3_0_, produto0_.categoria_id_categoria as categori8_3_0_, produto0_.descricao as descrica2_3_0_, produto0_.nome as nome3_3_0_, produto0_.url as url4_3_0_, produto0_.url_img as url_img5_3_0_, produto0_.valor_custo as valor_cu6_3_0_, produto0_.valor_venda as valor_ve7_3_0_, categoria1_.id_categoria as id_categ1_0_1_, categoria1_.descricao as descrica2_0_1_, categoria1_.nome as nome3_0_1_, categoria1_.url as url4_0_1_, categoria1_.url_img as url_img5_0_1_ from produto produto0_ inner join categoria categoria1_ on produto0_.categoria_id_categoria=categoria1_.id_categoria where produto0_.id_produto=?
Hibernate: select produto0_.id_produto as id_produ1_3_0_, produto0_.categoria_id_categoria as categori8_3_0_, produto0_.descricao as descrica2_3_0_, produto0_.nome as nome3_3_0_, produto0_.url as url4_3_0_, produto0_.url_img as url_img5_3_0_, produto0_.valor_custo as valor_cu6_3_0_, produto0_.valor_venda as valor_ve7_3_0_, categoria1_.id_categoria as id_categ1_0_1_, categoria1_.descricao as descrica2_0_1_, categoria1_.nome as nome3_0_1_, categoria1_.url as url4_0_1_, categoria1_.url_img as url_img5_0_1_ from produto produto0_ inner join categoria categoria1_ on produto0_.categoria_id_categoria=categoria1_.id_categoria where produto0_.id_produto=?
Hibernate: insert into venda (data_venda, valor_final) values (?, ?)
Hibernate: insert into venda_item (observacao, produto_id_produto, qtde, valor, venda_id_venda) values (?, ?, ?, ?, ?)
Hibernate: insert into venda_item (observacao, produto_id_produto, qtde, valor, venda_id_venda) values (?, ?, ?, ?, ?)
Hibernate: insert into venda_item (observacao, produto_id_produto, qtde, valor, venda_id_venda) values (?, ?, ?, ?, ?)
Hibernate: insert into venda_pagamento (forma_pagamento_id_forma_pagamento, valor, venda_id_venda) values (?, ?, ?)
Hibernate: insert into venda_pagamento (forma_pagamento_id_forma_pagamento, valor, venda_id_venda) values (?, ?, ?)
Hibernate: insert into mesa (descricao) values (?)
Hibernate: select produto0_.id_produto as id_produ1_3_0_, produto0_.categoria_id_categoria as categori8_3_0_, produto0_.descricao as descrica2_3_0_, produto0_.nome as nome3_3_0_, produto0_.url as url4_3_0_, produto0_.url_img as url_img5_3_0_, produto0_.valor_custo as valor_cu6_3_0_, produto0_.valor_venda as valor_ve7_3_0_, categoria1_.id_categoria as id_categ1_0_1_, categoria1_.descricao as descrica2_0_1_, categoria1_.nome as nome3_0_1_, categoria1_.url as url4_0_1_, categoria1_.url_img as url_img5_0_1_ from produto produto0_ inner join categoria categoria1_ on produto0_.categoria_id_categoria=categoria1_.id_categoria where produto0_.id_produto=?
Hibernate: select produto0_.id_produto as id_produ1_3_0_, produto0_.categoria_id_categoria as categori8_3_0_, produto0_.descricao as descrica2_3_0_, produto0_.nome as nome3_3_0_, produto0_.url as url4_3_0_, produto0_.url_img as url_img5_3_0_, produto0_.valor_custo as valor_cu6_3_0_, produto0_.valor_venda as valor_ve7_3_0_, categoria1_.id_categoria as id_categ1_0_1_, categoria1_.descricao as descrica2_0_1_, categoria1_.nome as nome3_0_1_, categoria1_.url as url4_0_1_, categoria1_.url_img as url_img5_0_1_ from produto produto0_ inner join categoria categoria1_ on produto0_.categoria_id_categoria=categoria1_.id_categoria where produto0_.id_produto=?
Hibernate: select produto0_.id_produto as id_produ1_3_0_, produto0_.categoria_id_categoria as categori8_3_0_, produto0_.descricao as descrica2_3_0_, produto0_.nome as nome3_3_0_, produto0_.url as url4_3_0_, produto0_.url_img as url_img5_3_0_, produto0_.valor_custo as valor_cu6_3_0_, produto0_.valor_venda as valor_ve7_3_0_, categoria1_.id_categoria as id_categ1_0_1_, categoria1_.descricao as descrica2_0_1_, categoria1_.nome as nome3_0_1_, categoria1_.url as url4_0_1_, categoria1_.url_img as url_img5_0_1_ from produto produto0_ inner join categoria categoria1_ on produto0_.categoria_id_categoria=categoria1_.id_categoria where produto0_.id_produto=?
Hibernate: select venda0_.id_venda as id_venda1_4_1_, venda0_.data_venda as data_ven2_4_1_, venda0_.valor_final as valor_fi3_4_1_, listaitens1_.id_venda_item as id_venda1_5_3_, listaitens1_.id_venda_item as id_venda1_5_0_, listaitens1_.observacao as observac2_5_0_, listaitens1_.produto_id_produto as produto_5_5_0_, listaitens1_.qtde as qtde3_5_0_, listaitens1_.valor as valor4_5_0_, listaitens1_.venda_id_venda as venda_id6_5_0_ from venda venda0_ left outer join venda_item listaitens1_ on venda0_.id_venda=listaitens1_.id_venda_item where venda0_.id_venda=?
Hibernate: select vendaitem0_.id_venda_item as id_venda1_5_0_, vendaitem0_.observacao as observac2_5_0_, vendaitem0_.produto_id_produto as produto_5_5_0_, vendaitem0_.qtde as qtde3_5_0_, vendaitem0_.valor as valor4_5_0_, vendaitem0_.venda_id_venda as venda_id6_5_0_ from venda_item vendaitem0_ where vendaitem0_.id_venda_item=?
Hibernate: select vendaitem0_.id_venda_item as id_venda1_5_0_, vendaitem0_.observacao as observac2_5_0_, vendaitem0_.produto_id_produto as produto_5_5_0_, vendaitem0_.qtde as qtde3_5_0_, vendaitem0_.valor as valor4_5_0_, vendaitem0_.venda_id_venda as venda_id6_5_0_ from venda_item vendaitem0_ where vendaitem0_.id_venda_item=?
Hibernate: select vendaitem0_.id_venda_item as id_venda1_5_0_, vendaitem0_.observacao as observac2_5_0_, vendaitem0_.produto_id_produto as produto_5_5_0_, vendaitem0_.qtde as qtde3_5_0_, vendaitem0_.valor as valor4_5_0_, vendaitem0_.venda_id_venda as venda_id6_5_0_ from venda_item vendaitem0_ where vendaitem0_.id_venda_item=?
Hibernate: select vendapagam0_.id_venda_pagamento as id_venda1_7_0_, vendapagam0_.forma_pagamento_id_forma_pagamento as forma_pa3_7_0_, vendapagam0_.valor as valor2_7_0_, vendapagam0_.venda_id_venda as venda_id4_7_0_ from venda_pagamento vendapagam0_ where vendapagam0_.id_venda_pagamento=?
Hibernate: select formapagam0_.id_forma_pagamento as id_forma1_1_0_, formapagam0_.ativo as ativo2_1_0_, formapagam0_.nome as nome3_1_0_, formapagam0_.url_img as url_img4_1_0_ from forma_pagamento formapagam0_ where formapagam0_.id_forma_pagamento=?
Hibernate: select vendapagam0_.id_venda_pagamento as id_venda1_7_0_, vendapagam0_.forma_pagamento_id_forma_pagamento as forma_pa3_7_0_, vendapagam0_.valor as valor2_7_0_, vendapagam0_.venda_id_venda as venda_id4_7_0_ from venda_pagamento vendapagam0_ where vendapagam0_.id_venda_pagamento=?
Hibernate: select formapagam0_.id_forma_pagamento as id_forma1_1_0_, formapagam0_.ativo as ativo2_1_0_, formapagam0_.nome as nome3_1_0_, formapagam0_.url_img as url_img4_1_0_ from forma_pagamento formapagam0_ where formapagam0_.id_forma_pagamento=?
Hibernate: insert into venda_mesa (mesa_id_mesa, status, venda_id_venda) values (?, ?, ?)
Hibernate: update venda set data_venda=?, valor_final=? where id_venda=?
Hibernate: update venda_item set observacao=?, produto_id_produto=?, qtde=?, valor=?, venda_id_venda=? where id_venda_item=?
Hibernate: update venda_item set observacao=?, produto_id_produto=?, qtde=?, valor=?, venda_id_venda=? where id_venda_item=?
Hibernate: update venda_item set observacao=?, produto_id_produto=?, qtde=?, valor=?, venda_id_venda=? where id_venda_item=?
Hibernate: update venda_pagamento set forma_pagamento_id_forma_pagamento=?, valor=?, venda_id_venda=? where id_venda_pagamento=?
Hibernate: update venda_pagamento set forma_pagamento_id_forma_pagamento=?, valor=?, venda_id_venda=? where id_venda_pagamento=?
Hibernate: select venda0_.id_venda as id_venda1_4_0_, venda0_.data_venda as data_ven2_4_0_, venda0_.valor_final as valor_fi3_4_0_ from venda venda0_ where venda0_.id_venda=?
Hibernate: select listaitens0_.id_venda_item as id_venda1_5_0_, listaitens0_.id_venda_item as id_venda1_5_1_, listaitens0_.observacao as observac2_5_1_, listaitens0_.produto_id_produto as produto_5_5_1_, listaitens0_.qtde as qtde3_5_1_, listaitens0_.valor as valor4_5_1_, listaitens0_.venda_id_venda as venda_id6_5_1_, produto1_.id_produto as id_produ1_3_2_, produto1_.categoria_id_categoria as categori8_3_2_, produto1_.descricao as descrica2_3_2_, produto1_.nome as nome3_3_2_, produto1_.url as url4_3_2_, produto1_.url_img as url_img5_3_2_, produto1_.valor_custo as valor_cu6_3_2_, produto1_.valor_venda as valor_ve7_3_2_, categoria2_.id_categoria as id_categ1_0_3_, categoria2_.descricao as descrica2_0_3_, categoria2_.nome as nome3_0_3_, categoria2_.url as url4_0_3_, categoria2_.url_img as url_img5_0_3_ from venda_item listaitens0_ left outer join produto produto1_ on listaitens0_.produto_id_produto=produto1_.id_produto left outer join categoria categoria2_ on produto1_.categoria_id_categoria=categoria2_.id_categoria where listaitens0_.id_venda_item=?
Hibernate: select pagamentos0_.id_venda_pagamento as id_venda1_7_0_, pagamentos0_.id_venda_pagamento as id_venda1_7_1_, pagamentos0_.forma_pagamento_id_forma_pagamento as forma_pa3_7_1_, pagamentos0_.valor as valor2_7_1_, pagamentos0_.venda_id_venda as venda_id4_7_1_, formapagam1_.id_forma_pagamento as id_forma1_1_2_, formapagam1_.ativo as ativo2_1_2_, formapagam1_.nome as nome3_1_2_, formapagam1_.url_img as url_img4_1_2_ from venda_pagamento pagamentos0_ inner join forma_pagamento formapagam1_ on pagamentos0_.forma_pagamento_id_forma_pagamento=formapagam1_.id_forma_pagamento where pagamentos0_.id_venda_pagamento=?
2018-02-04 12:02:32.614  INFO 2056 --- [    Test worker] o.s.b.t.m.w.SpringBootMockServletContext : Initializing Spring FrameworkServlet ''
2018-02-04 12:02:32.614  INFO 2056 --- [    Test worker] o.s.t.web.servlet.TestDispatcherServlet  : FrameworkServlet '': initialization started
2018-02-04 12:02:32.616  INFO 2056 --- [    Test worker] o.s.t.web.servlet.TestDispatcherServlet  : FrameworkServlet '': initialization completed in 2 ms
Hibernate: insert into forma_pagamento (ativo, nome, url_img) values (?, ?, ?)
Hibernate: insert into forma_pagamento (ativo, nome, url_img) values (?, ?, ?)
Hibernate: insert into categoria (descricao, nome, url, url_img) values (?, ?, ?, ?)
Hibernate: insert into produto (categoria_id_categoria, descricao, nome, url, url_img, valor_custo, valor_venda) values (?, ?, ?, ?, ?, ?, ?)
Hibernate: insert into categoria (descricao, nome, url, url_img) values (?, ?, ?, ?)
Hibernate: insert into produto (categoria_id_categoria, descricao, nome, url, url_img, valor_custo, valor_venda) values (?, ?, ?, ?, ?, ?, ?)
Hibernate: insert into categoria (descricao, nome, url, url_img) values (?, ?, ?, ?)
Hibernate: insert into produto (categoria_id_categoria, descricao, nome, url, url_img, valor_custo, valor_venda) values (?, ?, ?, ?, ?, ?, ?)
Hibernate: select produto0_.id_produto as id_produ1_3_0_, produto0_.categoria_id_categoria as categori8_3_0_, produto0_.descricao as descrica2_3_0_, produto0_.nome as nome3_3_0_, produto0_.url as url4_3_0_, produto0_.url_img as url_img5_3_0_, produto0_.valor_custo as valor_cu6_3_0_, produto0_.valor_venda as valor_ve7_3_0_, categoria1_.id_categoria as id_categ1_0_1_, categoria1_.descricao as descrica2_0_1_, categoria1_.nome as nome3_0_1_, categoria1_.url as url4_0_1_, categoria1_.url_img as url_img5_0_1_ from produto produto0_ inner join categoria categoria1_ on produto0_.categoria_id_categoria=categoria1_.id_categoria where produto0_.id_produto=?
Hibernate: select produto0_.id_produto as id_produ1_3_0_, produto0_.categoria_id_categoria as categori8_3_0_, produto0_.descricao as descrica2_3_0_, produto0_.nome as nome3_3_0_, produto0_.url as url4_3_0_, produto0_.url_img as url_img5_3_0_, produto0_.valor_custo as valor_cu6_3_0_, produto0_.valor_venda as valor_ve7_3_0_, categoria1_.id_categoria as id_categ1_0_1_, categoria1_.descricao as descrica2_0_1_, categoria1_.nome as nome3_0_1_, categoria1_.url as url4_0_1_, categoria1_.url_img as url_img5_0_1_ from produto produto0_ inner join categoria categoria1_ on produto0_.categoria_id_categoria=categoria1_.id_categoria where produto0_.id_produto=?
Hibernate: select produto0_.id_produto as id_produ1_3_0_, produto0_.categoria_id_categoria as categori8_3_0_, produto0_.descricao as descrica2_3_0_, produto0_.nome as nome3_3_0_, produto0_.url as url4_3_0_, produto0_.url_img as url_img5_3_0_, produto0_.valor_custo as valor_cu6_3_0_, produto0_.valor_venda as valor_ve7_3_0_, categoria1_.id_categoria as id_categ1_0_1_, categoria1_.descricao as descrica2_0_1_, categoria1_.nome as nome3_0_1_, categoria1_.url as url4_0_1_, categoria1_.url_img as url_img5_0_1_ from produto produto0_ inner join categoria categoria1_ on produto0_.categoria_id_categoria=categoria1_.id_categoria where produto0_.id_produto=?
Hibernate: insert into venda (data_venda, valor_final) values (?, ?)
Hibernate: insert into venda_item (observacao, produto_id_produto, qtde, valor, venda_id_venda) values (?, ?, ?, ?, ?)
Hibernate: insert into venda_item (observacao, produto_id_produto, qtde, valor, venda_id_venda) values (?, ?, ?, ?, ?)
Hibernate: insert into venda_item (observacao, produto_id_produto, qtde, valor, venda_id_venda) values (?, ?, ?, ?, ?)
Hibernate: insert into venda_pagamento (forma_pagamento_id_forma_pagamento, valor, venda_id_venda) values (?, ?, ?)
Hibernate: insert into venda_pagamento (forma_pagamento_id_forma_pagamento, valor, venda_id_venda) values (?, ?, ?)
Hibernate: insert into mesa (descricao) values (?)
Hibernate: select produto0_.id_produto as id_produ1_3_0_, produto0_.categoria_id_categoria as categori8_3_0_, produto0_.descricao as descrica2_3_0_, produto0_.nome as nome3_3_0_, produto0_.url as url4_3_0_, produto0_.url_img as url_img5_3_0_, produto0_.valor_custo as valor_cu6_3_0_, produto0_.valor_venda as valor_ve7_3_0_, categoria1_.id_categoria as id_categ1_0_1_, categoria1_.descricao as descrica2_0_1_, categoria1_.nome as nome3_0_1_, categoria1_.url as url4_0_1_, categoria1_.url_img as url_img5_0_1_ from produto produto0_ inner join categoria categoria1_ on produto0_.categoria_id_categoria=categoria1_.id_categoria where produto0_.id_produto=?
Hibernate: select produto0_.id_produto as id_produ1_3_0_, produto0_.categoria_id_categoria as categori8_3_0_, produto0_.descricao as descrica2_3_0_, produto0_.nome as nome3_3_0_, produto0_.url as url4_3_0_, produto0_.url_img as url_img5_3_0_, produto0_.valor_custo as valor_cu6_3_0_, produto0_.valor_venda as valor_ve7_3_0_, categoria1_.id_categoria as id_categ1_0_1_, categoria1_.descricao as descrica2_0_1_, categoria1_.nome as nome3_0_1_, categoria1_.url as url4_0_1_, categoria1_.url_img as url_img5_0_1_ from produto produto0_ inner join categoria categoria1_ on produto0_.categoria_id_categoria=categoria1_.id_categoria where produto0_.id_produto=?
Hibernate: select produto0_.id_produto as id_produ1_3_0_, produto0_.categoria_id_categoria as categori8_3_0_, produto0_.descricao as descrica2_3_0_, produto0_.nome as nome3_3_0_, produto0_.url as url4_3_0_, produto0_.url_img as url_img5_3_0_, produto0_.valor_custo as valor_cu6_3_0_, produto0_.valor_venda as valor_ve7_3_0_, categoria1_.id_categoria as id_categ1_0_1_, categoria1_.descricao as descrica2_0_1_, categoria1_.nome as nome3_0_1_, categoria1_.url as url4_0_1_, categoria1_.url_img as url_img5_0_1_ from produto produto0_ inner join categoria categoria1_ on produto0_.categoria_id_categoria=categoria1_.id_categoria where produto0_.id_produto=?
Hibernate: select venda0_.id_venda as id_venda1_4_1_, venda0_.data_venda as data_ven2_4_1_, venda0_.valor_final as valor_fi3_4_1_, listaitens1_.id_venda_item as id_venda1_5_3_, listaitens1_.id_venda_item as id_venda1_5_0_, listaitens1_.observacao as observac2_5_0_, listaitens1_.produto_id_produto as produto_5_5_0_, listaitens1_.qtde as qtde3_5_0_, listaitens1_.valor as valor4_5_0_, listaitens1_.venda_id_venda as venda_id6_5_0_ from venda venda0_ left outer join venda_item listaitens1_ on venda0_.id_venda=listaitens1_.id_venda_item where venda0_.id_venda=?
Hibernate: select vendaitem0_.id_venda_item as id_venda1_5_0_, vendaitem0_.observacao as observac2_5_0_, vendaitem0_.produto_id_produto as produto_5_5_0_, vendaitem0_.qtde as qtde3_5_0_, vendaitem0_.valor as valor4_5_0_, vendaitem0_.venda_id_venda as venda_id6_5_0_ from venda_item vendaitem0_ where vendaitem0_.id_venda_item=?
Hibernate: select vendaitem0_.id_venda_item as id_venda1_5_0_, vendaitem0_.observacao as observac2_5_0_, vendaitem0_.produto_id_produto as produto_5_5_0_, vendaitem0_.qtde as qtde3_5_0_, vendaitem0_.valor as valor4_5_0_, vendaitem0_.venda_id_venda as venda_id6_5_0_ from venda_item vendaitem0_ where vendaitem0_.id_venda_item=?
Hibernate: select vendaitem0_.id_venda_item as id_venda1_5_0_, vendaitem0_.observacao as observac2_5_0_, vendaitem0_.produto_id_produto as produto_5_5_0_, vendaitem0_.qtde as qtde3_5_0_, vendaitem0_.valor as valor4_5_0_, vendaitem0_.venda_id_venda as venda_id6_5_0_ from venda_item vendaitem0_ where vendaitem0_.id_venda_item=?
Hibernate: select vendapagam0_.id_venda_pagamento as id_venda1_7_0_, vendapagam0_.forma_pagamento_id_forma_pagamento as forma_pa3_7_0_, vendapagam0_.valor as valor2_7_0_, vendapagam0_.venda_id_venda as venda_id4_7_0_ from venda_pagamento vendapagam0_ where vendapagam0_.id_venda_pagamento=?
Hibernate: select formapagam0_.id_forma_pagamento as id_forma1_1_0_, formapagam0_.ativo as ativo2_1_0_, formapagam0_.nome as nome3_1_0_, formapagam0_.url_img as url_img4_1_0_ from forma_pagamento formapagam0_ where formapagam0_.id_forma_pagamento=?
Hibernate: select vendapagam0_.id_venda_pagamento as id_venda1_7_0_, vendapagam0_.forma_pagamento_id_forma_pagamento as forma_pa3_7_0_, vendapagam0_.valor as valor2_7_0_, vendapagam0_.venda_id_venda as venda_id4_7_0_ from venda_pagamento vendapagam0_ where vendapagam0_.id_venda_pagamento=?
Hibernate: select formapagam0_.id_forma_pagamento as id_forma1_1_0_, formapagam0_.ativo as ativo2_1_0_, formapagam0_.nome as nome3_1_0_, formapagam0_.url_img as url_img4_1_0_ from forma_pagamento formapagam0_ where formapagam0_.id_forma_pagamento=?
Hibernate: insert into venda_mesa (mesa_id_mesa, status, venda_id_venda) values (?, ?, ?)
Hibernate: update venda set data_venda=?, valor_final=? where id_venda=?
Hibernate: update venda_item set observacao=?, produto_id_produto=?, qtde=?, valor=?, venda_id_venda=? where id_venda_item=?
Hibernate: update venda_item set observacao=?, produto_id_produto=?, qtde=?, valor=?, venda_id_venda=? where id_venda_item=?
Hibernate: update venda_item set observacao=?, produto_id_produto=?, qtde=?, valor=?, venda_id_venda=? where id_venda_item=?
Hibernate: update venda_pagamento set forma_pagamento_id_forma_pagamento=?, valor=?, venda_id_venda=? where id_venda_pagamento=?
Hibernate: update venda_pagamento set forma_pagamento_id_forma_pagamento=?, valor=?, venda_id_venda=? where id_venda_pagamento=?
]]></system-out>
  <system-err><![CDATA[]]></system-err>
</testsuite>
