<?xml version="1.0" encoding="UTF-8"?>
<testsuite name="br.com.achimid.lanchonete.api.ProdutoRestControllerTest" tests="0" skipped="0" failures="0" errors="0" timestamp="1970-01-01T00:00:00" hostname="lourran-PC" time="0.0">
  <properties/>
  <system-out><![CDATA[2018-01-24 21:01:49.748  INFO 20588 --- [    Test worker] .b.t.c.SpringBootTestContextBootstrapper : Neither @ContextConfiguration nor @ContextHierarchy found for test class [br.com.achimid.lanchonete.api.ProdutoRestControllerTest], using SpringBootContextLoader
2018-01-24 21:01:49.751  INFO 20588 --- [    Test worker] o.s.t.c.support.AbstractContextLoader    : Could not detect default resource locations for test class [br.com.achimid.lanchonete.api.ProdutoRestControllerTest]: no resource found for suffixes {-context.xml, Context.groovy}.
2018-01-24 21:01:49.764  INFO 20588 --- [    Test worker] .b.t.c.SpringBootTestContextBootstrapper : Loaded default TestExecutionListener class names from location [META-INF/spring.factories]: [org.springframework.boot.test.mock.mockito.MockitoTestExecutionListener, org.springframework.boot.test.mock.mockito.ResetMocksTestExecutionListener, org.springframework.boot.test.autoconfigure.restdocs.RestDocsTestExecutionListener, org.springframework.boot.test.autoconfigure.web.client.MockRestServiceServerResetTestExecutionListener, org.springframework.boot.test.autoconfigure.web.servlet.MockMvcPrintOnlyOnFailureTestExecutionListener, org.springframework.boot.test.autoconfigure.web.servlet.WebDriverTestExecutionListener, org.springframework.test.context.web.ServletTestExecutionListener, org.springframework.test.context.support.DirtiesContextBeforeModesTestExecutionListener, org.springframework.test.context.support.DependencyInjectionTestExecutionListener, org.springframework.test.context.support.DirtiesContextTestExecutionListener, org.springframework.test.context.transaction.TransactionalTestExecutionListener, org.springframework.test.context.jdbc.SqlScriptsTestExecutionListener]
2018-01-24 21:01:49.772  INFO 20588 --- [    Test worker] .b.t.c.SpringBootTestContextBootstrapper : Using TestExecutionListeners: [org.springframework.test.context.web.ServletTestExecutionListener@7ab64f0c, org.springframework.test.context.support.DirtiesContextBeforeModesTestExecutionListener@4378c6b0, org.springframework.boot.test.autoconfigure.SpringBootDependencyInjectionTestExecutionListener@5dcf5c4e, org.springframework.test.context.support.DirtiesContextTestExecutionListener@391bb1ab, org.springframework.test.context.transaction.TransactionalTestExecutionListener@719d47ab, org.springframework.test.context.jdbc.SqlScriptsTestExecutionListener@74d5526e, org.springframework.boot.test.autoconfigure.web.servlet.WebDriverTestExecutionListener@53df4d96, org.springframework.boot.test.autoconfigure.restdocs.RestDocsTestExecutionListener@372d28af, org.springframework.boot.test.mock.mockito.MockitoTestExecutionListener@2c9681fe, org.springframework.boot.test.autoconfigure.web.client.MockRestServiceServerResetTestExecutionListener@728ef020, org.springframework.boot.test.autoconfigure.web.servlet.MockMvcPrintOnlyOnFailureTestExecutionListener@5b14a01a, org.springframework.boot.test.mock.mockito.ResetMocksTestExecutionListener@5a28387]
]]></system-out>
  <system-err><![CDATA[]]></system-err>
</testsuite>
