<?xml version="1.0" encoding="UTF-8"?>
<testsuite name="br.com.achimid.lanchonete.api.FormaPagamentoRestControllerTest" tests="7" skipped="0" failures="0" errors="0" timestamp="2018-01-25T02:16:35" hostname="lourran-PC" time="0.312">
  <properties/>
  <testcase name="rest01GetAllFormaPagamento" classname="br.com.achimid.lanchonete.api.FormaPagamentoRestControllerTest" time="0.039"/>
  <testcase name="rest02PostFormaPagamento" classname="br.com.achimid.lanchonete.api.FormaPagamentoRestControllerTest" time="0.05"/>
  <testcase name="rest03PutFormaPagamento" classname="br.com.achimid.lanchonete.api.FormaPagamentoRestControllerTest" time="0.057"/>
  <testcase name="rest04GetFormaPagamento" classname="br.com.achimid.lanchonete.api.FormaPagamentoRestControllerTest" time="0.03"/>
  <testcase name="rest05DeleteFormaPagamento" classname="br.com.achimid.lanchonete.api.FormaPagamentoRestControllerTest" time="0.065"/>
  <testcase name="rest06DeleteFormaPagamentoNotFound" classname="br.com.achimid.lanchonete.api.FormaPagamentoRestControllerTest" time="0.033"/>
  <testcase name="none" classname="br.com.achimid.lanchonete.api.FormaPagamentoRestControllerTest" time="0.027"/>
  <system-out><![CDATA[2018-01-25 00:16:35.198  INFO 18555 --- [    Test worker] .b.t.c.SpringBootTestContextBootstrapper : Neither @ContextConfiguration nor @ContextHierarchy found for test class [br.com.achimid.lanchonete.api.FormaPagamentoRestControllerTest], using SpringBootContextLoader
2018-01-25 00:16:35.199  INFO 18555 --- [    Test worker] o.s.t.c.support.AbstractContextLoader    : Could not detect default resource locations for test class [br.com.achimid.lanchonete.api.FormaPagamentoRestControllerTest]: no resource found for suffixes {-context.xml, Context.groovy}.
2018-01-25 00:16:35.204  INFO 18555 --- [    Test worker] .b.t.c.SpringBootTestContextBootstrapper : Loaded default TestExecutionListener class names from location [META-INF/spring.factories]: [org.springframework.boot.test.mock.mockito.MockitoTestExecutionListener, org.springframework.boot.test.mock.mockito.ResetMocksTestExecutionListener, org.springframework.boot.test.autoconfigure.restdocs.RestDocsTestExecutionListener, org.springframework.boot.test.autoconfigure.web.client.MockRestServiceServerResetTestExecutionListener, org.springframework.boot.test.autoconfigure.web.servlet.MockMvcPrintOnlyOnFailureTestExecutionListener, org.springframework.boot.test.autoconfigure.web.servlet.WebDriverTestExecutionListener, org.springframework.test.context.web.ServletTestExecutionListener, org.springframework.test.context.support.DirtiesContextBeforeModesTestExecutionListener, org.springframework.test.context.support.DependencyInjectionTestExecutionListener, org.springframework.test.context.support.DirtiesContextTestExecutionListener, org.springframework.test.context.transaction.TransactionalTestExecutionListener, org.springframework.test.context.jdbc.SqlScriptsTestExecutionListener]
2018-01-25 00:16:35.206  INFO 18555 --- [    Test worker] .b.t.c.SpringBootTestContextBootstrapper : Using TestExecutionListeners: [org.springframework.test.context.web.ServletTestExecutionListener@b3045b4, org.springframework.test.context.support.DirtiesContextBeforeModesTestExecutionListener@15b22d57, org.springframework.boot.test.autoconfigure.SpringBootDependencyInjectionTestExecutionListener@3a1f2072, org.springframework.test.context.support.DirtiesContextTestExecutionListener@57cb497d, org.springframework.test.context.transaction.TransactionalTestExecutionListener@5e5fabd5, org.springframework.test.context.jdbc.SqlScriptsTestExecutionListener@5a83eddc, org.springframework.boot.test.autoconfigure.web.client.MockRestServiceServerResetTestExecutionListener@195c4a4e, org.springframework.boot.test.autoconfigure.web.servlet.WebDriverTestExecutionListener@145178b9, org.springframework.boot.test.autoconfigure.web.servlet.MockMvcPrintOnlyOnFailureTestExecutionListener@37f378e5, org.springframework.boot.test.mock.mockito.ResetMocksTestExecutionListener@725b8eca, org.springframework.boot.test.autoconfigure.restdocs.RestDocsTestExecutionListener@92ea4f5, org.springframework.boot.test.mock.mockito.MockitoTestExecutionListener@162591d9]
2018-01-25 00:16:35.215  INFO 18555 --- [    Test worker] o.s.b.t.m.w.SpringBootMockServletContext : Initializing Spring FrameworkServlet ''
2018-01-25 00:16:35.215  INFO 18555 --- [    Test worker] o.s.t.web.servlet.TestDispatcherServlet  : FrameworkServlet '': initialization started
2018-01-25 00:16:35.220  INFO 18555 --- [    Test worker] o.s.t.web.servlet.TestDispatcherServlet  : FrameworkServlet '': initialization completed in 5 ms
Hibernate: insert into forma_pagamento (ativo, nome) values (?, ?)
Hibernate: select formapagam0_.id_forma_pagamento as id_forma1_1_0_, formapagam0_.ativo as ativo2_1_0_, formapagam0_.nome as nome3_1_0_ from forma_pagamento formapagam0_ where formapagam0_.id_forma_pagamento=?
2018-01-25 00:16:35.256  INFO 18555 --- [    Test worker] o.s.b.t.m.w.SpringBootMockServletContext : Initializing Spring FrameworkServlet ''
2018-01-25 00:16:35.256  INFO 18555 --- [    Test worker] o.s.t.web.servlet.TestDispatcherServlet  : FrameworkServlet '': initialization started
2018-01-25 00:16:35.261  INFO 18555 --- [    Test worker] o.s.t.web.servlet.TestDispatcherServlet  : FrameworkServlet '': initialization completed in 5 ms
Hibernate: insert into forma_pagamento (ativo, nome) values (?, ?)
Hibernate: insert into forma_pagamento (ativo, nome) values (?, ?)
2018-01-25 00:16:35.310  INFO 18555 --- [    Test worker] o.s.b.t.m.w.SpringBootMockServletContext : Initializing Spring FrameworkServlet ''
2018-01-25 00:16:35.310  INFO 18555 --- [    Test worker] o.s.t.web.servlet.TestDispatcherServlet  : FrameworkServlet '': initialization started
2018-01-25 00:16:35.316  INFO 18555 --- [    Test worker] o.s.t.web.servlet.TestDispatcherServlet  : FrameworkServlet '': initialization completed in 6 ms
Hibernate: insert into forma_pagamento (ativo, nome) values (?, ?)
Hibernate: select formapagam0_.id_forma_pagamento as id_forma1_1_0_, formapagam0_.ativo as ativo2_1_0_, formapagam0_.nome as nome3_1_0_ from forma_pagamento formapagam0_ where formapagam0_.id_forma_pagamento=?
Hibernate: update forma_pagamento set ativo=?, nome=? where id_forma_pagamento=?
2018-01-25 00:16:35.366  INFO 18555 --- [    Test worker] o.s.b.t.m.w.SpringBootMockServletContext : Initializing Spring FrameworkServlet ''
2018-01-25 00:16:35.366  INFO 18555 --- [    Test worker] o.s.t.web.servlet.TestDispatcherServlet  : FrameworkServlet '': initialization started
2018-01-25 00:16:35.370  INFO 18555 --- [    Test worker] o.s.t.web.servlet.TestDispatcherServlet  : FrameworkServlet '': initialization completed in 4 ms
Hibernate: insert into forma_pagamento (ativo, nome) values (?, ?)
Hibernate: select formapagam0_.id_forma_pagamento as id_forma1_1_0_, formapagam0_.ativo as ativo2_1_0_, formapagam0_.nome as nome3_1_0_ from forma_pagamento formapagam0_ where formapagam0_.id_forma_pagamento=?
2018-01-25 00:16:35.397  INFO 18555 --- [    Test worker] o.s.b.t.m.w.SpringBootMockServletContext : Initializing Spring FrameworkServlet ''
2018-01-25 00:16:35.397  INFO 18555 --- [    Test worker] o.s.t.web.servlet.TestDispatcherServlet  : FrameworkServlet '': initialization started
2018-01-25 00:16:35.404  INFO 18555 --- [    Test worker] o.s.t.web.servlet.TestDispatcherServlet  : FrameworkServlet '': initialization completed in 7 ms
Hibernate: insert into forma_pagamento (ativo, nome) values (?, ?)
Hibernate: select count(*) as col_0_0_ from forma_pagamento formapagam0_ where formapagam0_.id_forma_pagamento=?
Hibernate: select count(*) as col_0_0_ from forma_pagamento formapagam0_ where formapagam0_.id_forma_pagamento=?
Hibernate: select formapagam0_.id_forma_pagamento as id_forma1_1_0_, formapagam0_.ativo as ativo2_1_0_, formapagam0_.nome as nome3_1_0_ from forma_pagamento formapagam0_ where formapagam0_.id_forma_pagamento=?
Hibernate: delete from forma_pagamento where id_forma_pagamento=?
2018-01-25 00:16:35.466  INFO 18555 --- [    Test worker] o.s.b.t.m.w.SpringBootMockServletContext : Initializing Spring FrameworkServlet ''
2018-01-25 00:16:35.466  INFO 18555 --- [    Test worker] o.s.t.web.servlet.TestDispatcherServlet  : FrameworkServlet '': initialization started
2018-01-25 00:16:35.470  INFO 18555 --- [    Test worker] o.s.t.web.servlet.TestDispatcherServlet  : FrameworkServlet '': initialization completed in 4 ms
Hibernate: insert into forma_pagamento (ativo, nome) values (?, ?)
Hibernate: select count(*) as col_0_0_ from forma_pagamento formapagam0_ where formapagam0_.id_forma_pagamento=?
2018-01-25 00:16:35.500  INFO 18555 --- [    Test worker] o.s.b.t.m.w.SpringBootMockServletContext : Initializing Spring FrameworkServlet ''
2018-01-25 00:16:35.500  INFO 18555 --- [    Test worker] o.s.t.web.servlet.TestDispatcherServlet  : FrameworkServlet '': initialization started
2018-01-25 00:16:35.505  INFO 18555 --- [    Test worker] o.s.t.web.servlet.TestDispatcherServlet  : FrameworkServlet '': initialization completed in 4 ms
Hibernate: insert into forma_pagamento (ativo, nome) values (?, ?)
]]></system-out>
  <system-err><![CDATA[]]></system-err>
</testsuite>
