<?xml version="1.0" encoding="UTF-8"?>
<testsuite name="br.com.achimid.lanchonete.api.ProdutoRestControllerTest" tests="7" skipped="0" failures="0" errors="0" timestamp="2018-01-25T02:16:30" hostname="lourran-PC" time="0.48">
  <properties/>
  <testcase name="rest01GetAllProdutos" classname="br.com.achimid.lanchonete.api.ProdutoRestControllerTest" time="0.072"/>
  <testcase name="rest02PostProduto" classname="br.com.achimid.lanchonete.api.ProdutoRestControllerTest" time="0.066"/>
  <testcase name="rest03PutProduto" classname="br.com.achimid.lanchonete.api.ProdutoRestControllerTest" time="0.07"/>
  <testcase name="rest04GetProduto" classname="br.com.achimid.lanchonete.api.ProdutoRestControllerTest" time="0.048"/>
  <testcase name="rest05DeleteProduto" classname="br.com.achimid.lanchonete.api.ProdutoRestControllerTest" time="0.069"/>
  <testcase name="rest06DeleteProdutoNotFound" classname="br.com.achimid.lanchonete.api.ProdutoRestControllerTest" time="0.089"/>
  <testcase name="none" classname="br.com.achimid.lanchonete.api.ProdutoRestControllerTest" time="0.045"/>
  <system-out><![CDATA[2018-01-25 00:16:30.887  INFO 18555 --- [    Test worker] .b.t.c.SpringBootTestContextBootstrapper : Neither @ContextConfiguration nor @ContextHierarchy found for test class [br.com.achimid.lanchonete.api.ProdutoRestControllerTest], using SpringBootContextLoader
2018-01-25 00:16:30.888  INFO 18555 --- [    Test worker] o.s.t.c.support.AbstractContextLoader    : Could not detect default resource locations for test class [br.com.achimid.lanchonete.api.ProdutoRestControllerTest]: no resource found for suffixes {-context.xml, Context.groovy}.
2018-01-25 00:16:30.895  INFO 18555 --- [    Test worker] .b.t.c.SpringBootTestContextBootstrapper : Loaded default TestExecutionListener class names from location [META-INF/spring.factories]: [org.springframework.boot.test.mock.mockito.MockitoTestExecutionListener, org.springframework.boot.test.mock.mockito.ResetMocksTestExecutionListener, org.springframework.boot.test.autoconfigure.restdocs.RestDocsTestExecutionListener, org.springframework.boot.test.autoconfigure.web.client.MockRestServiceServerResetTestExecutionListener, org.springframework.boot.test.autoconfigure.web.servlet.MockMvcPrintOnlyOnFailureTestExecutionListener, org.springframework.boot.test.autoconfigure.web.servlet.WebDriverTestExecutionListener, org.springframework.test.context.web.ServletTestExecutionListener, org.springframework.test.context.support.DirtiesContextBeforeModesTestExecutionListener, org.springframework.test.context.support.DependencyInjectionTestExecutionListener, org.springframework.test.context.support.DirtiesContextTestExecutionListener, org.springframework.test.context.transaction.TransactionalTestExecutionListener, org.springframework.test.context.jdbc.SqlScriptsTestExecutionListener]
2018-01-25 00:16:30.897  INFO 18555 --- [    Test worker] .b.t.c.SpringBootTestContextBootstrapper : Using TestExecutionListeners: [org.springframework.test.context.web.ServletTestExecutionListener@54de084, org.springframework.test.context.support.DirtiesContextBeforeModesTestExecutionListener@2509731a, org.springframework.boot.test.autoconfigure.SpringBootDependencyInjectionTestExecutionListener@3533ba7f, org.springframework.test.context.support.DirtiesContextTestExecutionListener@2dfd9082, org.springframework.test.context.transaction.TransactionalTestExecutionListener@47de1c79, org.springframework.test.context.jdbc.SqlScriptsTestExecutionListener@2921263b, org.springframework.boot.test.autoconfigure.web.client.MockRestServiceServerResetTestExecutionListener@1698122, org.springframework.boot.test.autoconfigure.web.servlet.WebDriverTestExecutionListener@40d1680d, org.springframework.boot.test.autoconfigure.web.servlet.MockMvcPrintOnlyOnFailureTestExecutionListener@775b89ba, org.springframework.boot.test.mock.mockito.ResetMocksTestExecutionListener@576b7994, org.springframework.boot.test.autoconfigure.restdocs.RestDocsTestExecutionListener@1ac692ca, org.springframework.boot.test.mock.mockito.MockitoTestExecutionListener@519c009f]
2018-01-25 00:16:30.904  INFO 18555 --- [    Test worker] o.s.b.t.m.w.SpringBootMockServletContext : Initializing Spring FrameworkServlet ''
2018-01-25 00:16:30.905  INFO 18555 --- [    Test worker] o.s.t.web.servlet.TestDispatcherServlet  : FrameworkServlet '': initialization started
2018-01-25 00:16:30.908  INFO 18555 --- [    Test worker] o.s.t.web.servlet.TestDispatcherServlet  : FrameworkServlet '': initialization completed in 3 ms
Hibernate: insert into categoria (descricao, nome, url_img) values (?, ?, ?)
Hibernate: insert into produto (categoria_id_categoria, descricao, nome, url_img, valor_custo, valor_venda) values (?, ?, ?, ?, ?, ?)
Hibernate: select produto0_.id_produto as id_produ1_2_, produto0_.categoria_id_categoria as categori7_2_, produto0_.descricao as descrica2_2_, produto0_.nome as nome3_2_, produto0_.url_img as url_img4_2_, produto0_.valor_custo as valor_cu5_2_, produto0_.valor_venda as valor_ve6_2_ from produto produto0_
Hibernate: select categoria0_.id_categoria as id_categ1_0_0_, categoria0_.descricao as descrica2_0_0_, categoria0_.nome as nome3_0_0_, categoria0_.url_img as url_img4_0_0_ from categoria categoria0_ where categoria0_.id_categoria=?
Hibernate: select categoria0_.id_categoria as id_categ1_0_0_, categoria0_.descricao as descrica2_0_0_, categoria0_.nome as nome3_0_0_, categoria0_.url_img as url_img4_0_0_ from categoria categoria0_ where categoria0_.id_categoria=?
Hibernate: select categoria0_.id_categoria as id_categ1_0_0_, categoria0_.descricao as descrica2_0_0_, categoria0_.nome as nome3_0_0_, categoria0_.url_img as url_img4_0_0_ from categoria categoria0_ where categoria0_.id_categoria=?
2018-01-25 00:16:30.978  INFO 18555 --- [    Test worker] o.s.b.t.m.w.SpringBootMockServletContext : Initializing Spring FrameworkServlet ''
2018-01-25 00:16:30.978  INFO 18555 --- [    Test worker] o.s.t.web.servlet.TestDispatcherServlet  : FrameworkServlet '': initialization started
2018-01-25 00:16:30.981  INFO 18555 --- [    Test worker] o.s.t.web.servlet.TestDispatcherServlet  : FrameworkServlet '': initialization completed in 3 ms
Hibernate: insert into categoria (descricao, nome, url_img) values (?, ?, ?)
Hibernate: insert into produto (categoria_id_categoria, descricao, nome, url_img, valor_custo, valor_venda) values (?, ?, ?, ?, ?, ?)
Hibernate: insert into categoria (descricao, nome, url_img) values (?, ?, ?)
Hibernate: insert into produto (categoria_id_categoria, descricao, nome, url_img, valor_custo, valor_venda) values (?, ?, ?, ?, ?, ?)
2018-01-25 00:16:31.047  INFO 18555 --- [    Test worker] o.s.b.t.m.w.SpringBootMockServletContext : Initializing Spring FrameworkServlet ''
2018-01-25 00:16:31.047  INFO 18555 --- [    Test worker] o.s.t.web.servlet.TestDispatcherServlet  : FrameworkServlet '': initialization started
2018-01-25 00:16:31.049  INFO 18555 --- [    Test worker] o.s.t.web.servlet.TestDispatcherServlet  : FrameworkServlet '': initialization completed in 2 ms
Hibernate: insert into categoria (descricao, nome, url_img) values (?, ?, ?)
Hibernate: insert into produto (categoria_id_categoria, descricao, nome, url_img, valor_custo, valor_venda) values (?, ?, ?, ?, ?, ?)
Hibernate: select produto0_.id_produto as id_produ1_2_0_, produto0_.categoria_id_categoria as categori7_2_0_, produto0_.descricao as descrica2_2_0_, produto0_.nome as nome3_2_0_, produto0_.url_img as url_img4_2_0_, produto0_.valor_custo as valor_cu5_2_0_, produto0_.valor_venda as valor_ve6_2_0_ from produto produto0_ where produto0_.id_produto=?
Hibernate: select categoria0_.id_categoria as id_categ1_0_0_, categoria0_.descricao as descrica2_0_0_, categoria0_.nome as nome3_0_0_, categoria0_.url_img as url_img4_0_0_ from categoria categoria0_ where categoria0_.id_categoria=?
Hibernate: update produto set categoria_id_categoria=?, descricao=?, nome=?, url_img=?, valor_custo=?, valor_venda=? where id_produto=?
2018-01-25 00:16:31.118  INFO 18555 --- [    Test worker] o.s.b.t.m.w.SpringBootMockServletContext : Initializing Spring FrameworkServlet ''
2018-01-25 00:16:31.118  INFO 18555 --- [    Test worker] o.s.t.web.servlet.TestDispatcherServlet  : FrameworkServlet '': initialization started
2018-01-25 00:16:31.122  INFO 18555 --- [    Test worker] o.s.t.web.servlet.TestDispatcherServlet  : FrameworkServlet '': initialization completed in 3 ms
Hibernate: insert into categoria (descricao, nome, url_img) values (?, ?, ?)
Hibernate: insert into produto (categoria_id_categoria, descricao, nome, url_img, valor_custo, valor_venda) values (?, ?, ?, ?, ?, ?)
Hibernate: select produto0_.id_produto as id_produ1_2_0_, produto0_.categoria_id_categoria as categori7_2_0_, produto0_.descricao as descrica2_2_0_, produto0_.nome as nome3_2_0_, produto0_.url_img as url_img4_2_0_, produto0_.valor_custo as valor_cu5_2_0_, produto0_.valor_venda as valor_ve6_2_0_, categoria1_.id_categoria as id_categ1_0_1_, categoria1_.descricao as descrica2_0_1_, categoria1_.nome as nome3_0_1_, categoria1_.url_img as url_img4_0_1_ from produto produto0_ inner join categoria categoria1_ on produto0_.categoria_id_categoria=categoria1_.id_categoria where produto0_.id_produto=?
2018-01-25 00:16:31.168  INFO 18555 --- [    Test worker] o.s.b.t.m.w.SpringBootMockServletContext : Initializing Spring FrameworkServlet ''
2018-01-25 00:16:31.168  INFO 18555 --- [    Test worker] o.s.t.web.servlet.TestDispatcherServlet  : FrameworkServlet '': initialization started
2018-01-25 00:16:31.172  INFO 18555 --- [    Test worker] o.s.t.web.servlet.TestDispatcherServlet  : FrameworkServlet '': initialization completed in 4 ms
Hibernate: insert into categoria (descricao, nome, url_img) values (?, ?, ?)
Hibernate: insert into produto (categoria_id_categoria, descricao, nome, url_img, valor_custo, valor_venda) values (?, ?, ?, ?, ?, ?)
Hibernate: select produto0_.id_produto as id_produ1_2_0_, produto0_.categoria_id_categoria as categori7_2_0_, produto0_.descricao as descrica2_2_0_, produto0_.nome as nome3_2_0_, produto0_.url_img as url_img4_2_0_, produto0_.valor_custo as valor_cu5_2_0_, produto0_.valor_venda as valor_ve6_2_0_, categoria1_.id_categoria as id_categ1_0_1_, categoria1_.descricao as descrica2_0_1_, categoria1_.nome as nome3_0_1_, categoria1_.url_img as url_img4_0_1_ from produto produto0_ inner join categoria categoria1_ on produto0_.categoria_id_categoria=categoria1_.id_categoria where produto0_.id_produto=?
Hibernate: select count(*) as col_0_0_ from produto produto0_ where produto0_.id_produto=?
Hibernate: delete from produto where id_produto=?
2018-01-25 00:16:31.244  INFO 18555 --- [    Test worker] o.s.b.t.m.w.SpringBootMockServletContext : Initializing Spring FrameworkServlet ''
2018-01-25 00:16:31.244  INFO 18555 --- [    Test worker] o.s.t.web.servlet.TestDispatcherServlet  : FrameworkServlet '': initialization started
2018-01-25 00:16:31.248  INFO 18555 --- [    Test worker] o.s.t.web.servlet.TestDispatcherServlet  : FrameworkServlet '': initialization completed in 3 ms
Hibernate: insert into categoria (descricao, nome, url_img) values (?, ?, ?)
Hibernate: insert into produto (categoria_id_categoria, descricao, nome, url_img, valor_custo, valor_venda) values (?, ?, ?, ?, ?, ?)
Hibernate: select produto0_.id_produto as id_produ1_2_0_, produto0_.categoria_id_categoria as categori7_2_0_, produto0_.descricao as descrica2_2_0_, produto0_.nome as nome3_2_0_, produto0_.url_img as url_img4_2_0_, produto0_.valor_custo as valor_cu5_2_0_, produto0_.valor_venda as valor_ve6_2_0_, categoria1_.id_categoria as id_categ1_0_1_, categoria1_.descricao as descrica2_0_1_, categoria1_.nome as nome3_0_1_, categoria1_.url_img as url_img4_0_1_ from produto produto0_ inner join categoria categoria1_ on produto0_.categoria_id_categoria=categoria1_.id_categoria where produto0_.id_produto=?
2018-01-25 00:16:31.342  INFO 18555 --- [    Test worker] o.s.b.t.m.w.SpringBootMockServletContext : Initializing Spring FrameworkServlet ''
2018-01-25 00:16:31.342  INFO 18555 --- [    Test worker] o.s.t.web.servlet.TestDispatcherServlet  : FrameworkServlet '': initialization started
2018-01-25 00:16:31.347  INFO 18555 --- [    Test worker] o.s.t.web.servlet.TestDispatcherServlet  : FrameworkServlet '': initialization completed in 5 ms
Hibernate: insert into categoria (descricao, nome, url_img) values (?, ?, ?)
Hibernate: insert into produto (categoria_id_categoria, descricao, nome, url_img, valor_custo, valor_venda) values (?, ?, ?, ?, ?, ?)
]]></system-out>
  <system-err><![CDATA[]]></system-err>
</testsuite>
