<?xml version="1.0" encoding="UTF-8"?>
<testsuite name="br.com.achimid.lanchonete.api.VendaRestControllerTest" tests="0" skipped="0" failures="0" errors="0" timestamp="1970-01-01T00:00:00" hostname="lourran-PC" time="0.0">
  <properties/>
  <system-out><![CDATA[12:35:25.458 [Test worker] DEBUG org.springframework.test.context.junit4.SpringJUnit4ClassRunner - SpringJUnit4ClassRunner constructor called with [class br.com.achimid.lanchonete.api.VendaRestControllerTest]
12:35:25.459 [Test worker] DEBUG org.springframework.test.context.BootstrapUtils - Instantiating CacheAwareContextLoaderDelegate from class [org.springframework.test.context.cache.DefaultCacheAwareContextLoaderDelegate]
12:35:25.459 [Test worker] DEBUG org.springframework.test.context.BootstrapUtils - Instantiating BootstrapContext using constructor [public org.springframework.test.context.support.DefaultBootstrapContext(java.lang.Class,org.springframework.test.context.CacheAwareContextLoaderDelegate)]
12:35:25.461 [Test worker] DEBUG org.springframework.test.context.BootstrapUtils - Instantiating TestContextBootstrapper for test class [br.com.achimid.lanchonete.api.VendaRestControllerTest] from class [org.springframework.boot.test.context.SpringBootTestContextBootstrapper]
12:35:25.462 [Test worker] INFO org.springframework.boot.test.context.SpringBootTestContextBootstrapper - Neither @ContextConfiguration nor @ContextHierarchy found for test class [br.com.achimid.lanchonete.api.VendaRestControllerTest], using SpringBootContextLoader
12:35:25.465 [Test worker] DEBUG org.springframework.test.context.support.AbstractContextLoader - Did not detect default resource location for test class [br.com.achimid.lanchonete.api.VendaRestControllerTest]: class path resource [br/com/achimid/lanchonete/api/VendaRestControllerTest-context.xml] does not exist
12:35:25.469 [Test worker] DEBUG org.springframework.test.context.support.AbstractContextLoader - Did not detect default resource location for test class [br.com.achimid.lanchonete.api.VendaRestControllerTest]: class path resource [br/com/achimid/lanchonete/api/VendaRestControllerTestContext.groovy] does not exist
12:35:25.469 [Test worker] INFO org.springframework.test.context.support.AbstractContextLoader - Could not detect default resource locations for test class [br.com.achimid.lanchonete.api.VendaRestControllerTest]: no resource found for suffixes {-context.xml, Context.groovy}.
12:35:25.474 [Test worker] DEBUG org.springframework.test.context.support.ActiveProfilesUtils - Could not find an 'annotation declaring class' for annotation type [org.springframework.test.context.ActiveProfiles] and class [br.com.achimid.lanchonete.api.VendaRestControllerTest]
12:35:25.477 [Test worker] DEBUG org.springframework.boot.test.context.SpringBootTestContextBootstrapper - @TestExecutionListeners is not present for class [br.com.achimid.lanchonete.api.VendaRestControllerTest]: using defaults.
12:35:25.480 [Test worker] INFO org.springframework.boot.test.context.SpringBootTestContextBootstrapper - Loaded default TestExecutionListener class names from location [META-INF/spring.factories]: [org.springframework.boot.test.mock.mockito.MockitoTestExecutionListener, org.springframework.boot.test.mock.mockito.ResetMocksTestExecutionListener, org.springframework.boot.test.autoconfigure.restdocs.RestDocsTestExecutionListener, org.springframework.boot.test.autoconfigure.web.client.MockRestServiceServerResetTestExecutionListener, org.springframework.boot.test.autoconfigure.web.servlet.MockMvcPrintOnlyOnFailureTestExecutionListener, org.springframework.boot.test.autoconfigure.web.servlet.WebDriverTestExecutionListener, org.springframework.test.context.web.ServletTestExecutionListener, org.springframework.test.context.support.DirtiesContextBeforeModesTestExecutionListener, org.springframework.test.context.support.DependencyInjectionTestExecutionListener, org.springframework.test.context.support.DirtiesContextTestExecutionListener, org.springframework.test.context.transaction.TransactionalTestExecutionListener, org.springframework.test.context.jdbc.SqlScriptsTestExecutionListener]
12:35:25.485 [Test worker] INFO org.springframework.boot.test.context.SpringBootTestContextBootstrapper - Using TestExecutionListeners: [org.springframework.test.context.web.ServletTestExecutionListener@7241cef, org.springframework.test.context.support.DirtiesContextBeforeModesTestExecutionListener@437f0174, org.springframework.boot.test.autoconfigure.SpringBootDependencyInjectionTestExecutionListener@516e5499, org.springframework.test.context.support.DirtiesContextTestExecutionListener@608bd3bc, org.springframework.test.context.transaction.TransactionalTestExecutionListener@476f6826, org.springframework.test.context.jdbc.SqlScriptsTestExecutionListener@7ca0a51e, org.springframework.boot.test.autoconfigure.web.servlet.WebDriverTestExecutionListener@5fc9fc8f, org.springframework.boot.test.autoconfigure.restdocs.RestDocsTestExecutionListener@6161c2f9, org.springframework.boot.test.mock.mockito.MockitoTestExecutionListener@5df3b8ab, org.springframework.boot.test.autoconfigure.web.client.MockRestServiceServerResetTestExecutionListener@24027e5e, org.springframework.boot.test.autoconfigure.web.servlet.MockMvcPrintOnlyOnFailureTestExecutionListener@34bfc3d5, org.springframework.boot.test.mock.mockito.ResetMocksTestExecutionListener@5ba6b9b1]
12:35:25.485 [Test worker] DEBUG org.springframework.test.annotation.ProfileValueUtils - Retrieved @ProfileValueSourceConfiguration [null] for test class [br.com.achimid.lanchonete.api.VendaRestControllerTest]
12:35:25.485 [Test worker] DEBUG org.springframework.test.annotation.ProfileValueUtils - Retrieved ProfileValueSource type [class org.springframework.test.annotation.SystemProfileValueSource] for class [br.com.achimid.lanchonete.api.VendaRestControllerTest]
]]></system-out>
  <system-err><![CDATA[]]></system-err>
</testsuite>
