<?xml version="1.0" encoding="UTF-8"?>
<testsuite name="br.com.achimid.lanchonete.api.ProdutoRestControllerTest" tests="0" skipped="0" failures="0" errors="0" timestamp="1970-01-01T00:00:00" hostname="lourran-PC" time="0.0">
  <properties/>
  <system-out><![CDATA[12:35:25.314 [Test worker] DEBUG org.springframework.test.context.junit4.SpringJUnit4ClassRunner - SpringJUnit4ClassRunner constructor called with [class br.com.achimid.lanchonete.api.ProdutoRestControllerTest]
12:35:25.316 [Test worker] DEBUG org.springframework.test.context.BootstrapUtils - Instantiating CacheAwareContextLoaderDelegate from class [org.springframework.test.context.cache.DefaultCacheAwareContextLoaderDelegate]
12:35:25.316 [Test worker] DEBUG org.springframework.test.context.BootstrapUtils - Instantiating BootstrapContext using constructor [public org.springframework.test.context.support.DefaultBootstrapContext(java.lang.Class,org.springframework.test.context.CacheAwareContextLoaderDelegate)]
12:35:25.322 [Test worker] DEBUG org.springframework.test.context.BootstrapUtils - Instantiating TestContextBootstrapper for test class [br.com.achimid.lanchonete.api.ProdutoRestControllerTest] from class [org.springframework.boot.test.context.SpringBootTestContextBootstrapper]
12:35:25.322 [Test worker] INFO org.springframework.boot.test.context.SpringBootTestContextBootstrapper - Neither @ContextConfiguration nor @ContextHierarchy found for test class [br.com.achimid.lanchonete.api.ProdutoRestControllerTest], using SpringBootContextLoader
12:35:25.323 [Test worker] DEBUG org.springframework.test.context.support.AbstractContextLoader - Did not detect default resource location for test class [br.com.achimid.lanchonete.api.ProdutoRestControllerTest]: class path resource [br/com/achimid/lanchonete/api/ProdutoRestControllerTest-context.xml] does not exist
12:35:25.323 [Test worker] DEBUG org.springframework.test.context.support.AbstractContextLoader - Did not detect default resource location for test class [br.com.achimid.lanchonete.api.ProdutoRestControllerTest]: class path resource [br/com/achimid/lanchonete/api/ProdutoRestControllerTestContext.groovy] does not exist
12:35:25.325 [Test worker] INFO org.springframework.test.context.support.AbstractContextLoader - Could not detect default resource locations for test class [br.com.achimid.lanchonete.api.ProdutoRestControllerTest]: no resource found for suffixes {-context.xml, Context.groovy}.
12:35:25.328 [Test worker] DEBUG org.springframework.test.context.support.ActiveProfilesUtils - Could not find an 'annotation declaring class' for annotation type [org.springframework.test.context.ActiveProfiles] and class [br.com.achimid.lanchonete.api.ProdutoRestControllerTest]
12:35:25.330 [Test worker] DEBUG org.springframework.boot.test.context.SpringBootTestContextBootstrapper - @TestExecutionListeners is not present for class [br.com.achimid.lanchonete.api.ProdutoRestControllerTest]: using defaults.
12:35:25.332 [Test worker] INFO org.springframework.boot.test.context.SpringBootTestContextBootstrapper - Loaded default TestExecutionListener class names from location [META-INF/spring.factories]: [org.springframework.boot.test.mock.mockito.MockitoTestExecutionListener, org.springframework.boot.test.mock.mockito.ResetMocksTestExecutionListener, org.springframework.boot.test.autoconfigure.restdocs.RestDocsTestExecutionListener, org.springframework.boot.test.autoconfigure.web.client.MockRestServiceServerResetTestExecutionListener, org.springframework.boot.test.autoconfigure.web.servlet.MockMvcPrintOnlyOnFailureTestExecutionListener, org.springframework.boot.test.autoconfigure.web.servlet.WebDriverTestExecutionListener, org.springframework.test.context.web.ServletTestExecutionListener, org.springframework.test.context.support.DirtiesContextBeforeModesTestExecutionListener, org.springframework.test.context.support.DependencyInjectionTestExecutionListener, org.springframework.test.context.support.DirtiesContextTestExecutionListener, org.springframework.test.context.transaction.TransactionalTestExecutionListener, org.springframework.test.context.jdbc.SqlScriptsTestExecutionListener]
12:35:25.335 [Test worker] INFO org.springframework.boot.test.context.SpringBootTestContextBootstrapper - Using TestExecutionListeners: [org.springframework.test.context.web.ServletTestExecutionListener@61f95f6a, org.springframework.test.context.support.DirtiesContextBeforeModesTestExecutionListener@ca13031, org.springframework.boot.test.autoconfigure.SpringBootDependencyInjectionTestExecutionListener@17c5682b, org.springframework.test.context.support.DirtiesContextTestExecutionListener@7d5b9438, org.springframework.test.context.transaction.TransactionalTestExecutionListener@56f286f6, org.springframework.test.context.jdbc.SqlScriptsTestExecutionListener@535714a1, org.springframework.boot.test.autoconfigure.web.servlet.WebDriverTestExecutionListener@6f6fbad0, org.springframework.boot.test.autoconfigure.restdocs.RestDocsTestExecutionListener@4eb41951, org.springframework.boot.test.mock.mockito.MockitoTestExecutionListener@cb3e347, org.springframework.boot.test.autoconfigure.web.client.MockRestServiceServerResetTestExecutionListener@672a1c6c, org.springframework.boot.test.autoconfigure.web.servlet.MockMvcPrintOnlyOnFailureTestExecutionListener@75818363, org.springframework.boot.test.mock.mockito.ResetMocksTestExecutionListener@1b117213]
12:35:25.335 [Test worker] DEBUG org.springframework.test.annotation.ProfileValueUtils - Retrieved @ProfileValueSourceConfiguration [null] for test class [br.com.achimid.lanchonete.api.ProdutoRestControllerTest]
12:35:25.335 [Test worker] DEBUG org.springframework.test.annotation.ProfileValueUtils - Retrieved ProfileValueSource type [class org.springframework.test.annotation.SystemProfileValueSource] for class [br.com.achimid.lanchonete.api.ProdutoRestControllerTest]
]]></system-out>
  <system-err><![CDATA[]]></system-err>
</testsuite>
