<?xml version="1.0" encoding="UTF-8"?>
<testsuite name="br.com.achimid.lanchonete.api.ApplicationTests" tests="0" skipped="0" failures="0" errors="0" timestamp="1970-01-01T00:00:00" hostname="lourran-PC" time="0.0">
  <properties/>
  <system-out><![CDATA[2018-01-24 21:01:49.774  INFO 20588 --- [    Test worker] .b.t.c.SpringBootTestContextBootstrapper : Neither @ContextConfiguration nor @ContextHierarchy found for test class [br.com.achimid.lanchonete.api.ApplicationTests], using SpringBootContextLoader
2018-01-24 21:01:49.775  INFO 20588 --- [    Test worker] o.s.t.c.support.AbstractContextLoader    : Could not detect default resource locations for test class [br.com.achimid.lanchonete.api.ApplicationTests]: no resource found for suffixes {-context.xml, Context.groovy}.
2018-01-24 21:01:49.777  INFO 20588 --- [    Test worker] t.c.s.AnnotationConfigContextLoaderUtils : Could not detect default configuration classes for test class [br.com.achimid.lanchonete.api.ApplicationTests]: ApplicationTests does not declare any static, non-private, non-final, nested classes annotated with @Configuration.
2018-01-24 21:01:49.788  INFO 20588 --- [    Test worker] .b.t.c.SpringBootTestContextBootstrapper : Found @SpringBootConfiguration br.com.achimid.lanchonete.api.Application for test class br.com.achimid.lanchonete.api.ApplicationTests
2018-01-24 21:01:49.791  INFO 20588 --- [    Test worker] .b.t.c.SpringBootTestContextBootstrapper : Loaded default TestExecutionListener class names from location [META-INF/spring.factories]: [org.springframework.boot.test.mock.mockito.MockitoTestExecutionListener, org.springframework.boot.test.mock.mockito.ResetMocksTestExecutionListener, org.springframework.boot.test.autoconfigure.restdocs.RestDocsTestExecutionListener, org.springframework.boot.test.autoconfigure.web.client.MockRestServiceServerResetTestExecutionListener, org.springframework.boot.test.autoconfigure.web.servlet.MockMvcPrintOnlyOnFailureTestExecutionListener, org.springframework.boot.test.autoconfigure.web.servlet.WebDriverTestExecutionListener, org.springframework.test.context.web.ServletTestExecutionListener, org.springframework.test.context.support.DirtiesContextBeforeModesTestExecutionListener, org.springframework.test.context.support.DependencyInjectionTestExecutionListener, org.springframework.test.context.support.DirtiesContextTestExecutionListener, org.springframework.test.context.transaction.TransactionalTestExecutionListener, org.springframework.test.context.jdbc.SqlScriptsTestExecutionListener]
2018-01-24 21:01:49.794  INFO 20588 --- [    Test worker] .b.t.c.SpringBootTestContextBootstrapper : Using TestExecutionListeners: [org.springframework.test.context.web.ServletTestExecutionListener@685033c8, org.springframework.test.context.support.DirtiesContextBeforeModesTestExecutionListener@6a1c0522, org.springframework.boot.test.autoconfigure.SpringBootDependencyInjectionTestExecutionListener@1e6047e3, org.springframework.test.context.support.DirtiesContextTestExecutionListener@740cdd2e, org.springframework.test.context.transaction.TransactionalTestExecutionListener@1dab7e14, org.springframework.test.context.jdbc.SqlScriptsTestExecutionListener@17144d96, org.springframework.boot.test.autoconfigure.web.servlet.WebDriverTestExecutionListener@b574fc8, org.springframework.boot.test.autoconfigure.restdocs.RestDocsTestExecutionListener@19200621, org.springframework.boot.test.mock.mockito.MockitoTestExecutionListener@5fbd90cf, org.springframework.boot.test.autoconfigure.web.client.MockRestServiceServerResetTestExecutionListener@6a701e53, org.springframework.boot.test.autoconfigure.web.servlet.MockMvcPrintOnlyOnFailureTestExecutionListener@5be825da, org.springframework.boot.test.mock.mockito.ResetMocksTestExecutionListener@42603188]
]]></system-out>
  <system-err><![CDATA[]]></system-err>
</testsuite>
