<?xml version="1.0" encoding="UTF-8"?>
<testsuite name="br.com.achimid.lanchonete.api.VendaRestControllerTest" tests="0" skipped="0" failures="0" errors="0" timestamp="1970-01-01T00:00:00" hostname="lourran-PC" time="0.0">
  <properties/>
  <system-out><![CDATA[2018-01-24 21:01:49.808  INFO 20588 --- [    Test worker] .b.t.c.SpringBootTestContextBootstrapper : Neither @ContextConfiguration nor @ContextHierarchy found for test class [br.com.achimid.lanchonete.api.VendaRestControllerTest], using SpringBootContextLoader
2018-01-24 21:01:49.808  INFO 20588 --- [    Test worker] o.s.t.c.support.AbstractContextLoader    : Could not detect default resource locations for test class [br.com.achimid.lanchonete.api.VendaRestControllerTest]: no resource found for suffixes {-context.xml, Context.groovy}.
2018-01-24 21:01:49.815  INFO 20588 --- [    Test worker] .b.t.c.SpringBootTestContextBootstrapper : Loaded default TestExecutionListener class names from location [META-INF/spring.factories]: [org.springframework.boot.test.mock.mockito.MockitoTestExecutionListener, org.springframework.boot.test.mock.mockito.ResetMocksTestExecutionListener, org.springframework.boot.test.autoconfigure.restdocs.RestDocsTestExecutionListener, org.springframework.boot.test.autoconfigure.web.client.MockRestServiceServerResetTestExecutionListener, org.springframework.boot.test.autoconfigure.web.servlet.MockMvcPrintOnlyOnFailureTestExecutionListener, org.springframework.boot.test.autoconfigure.web.servlet.WebDriverTestExecutionListener, org.springframework.test.context.web.ServletTestExecutionListener, org.springframework.test.context.support.DirtiesContextBeforeModesTestExecutionListener, org.springframework.test.context.support.DependencyInjectionTestExecutionListener, org.springframework.test.context.support.DirtiesContextTestExecutionListener, org.springframework.test.context.transaction.TransactionalTestExecutionListener, org.springframework.test.context.jdbc.SqlScriptsTestExecutionListener]
2018-01-24 21:01:49.817  INFO 20588 --- [    Test worker] .b.t.c.SpringBootTestContextBootstrapper : Using TestExecutionListeners: [org.springframework.test.context.web.ServletTestExecutionListener@3a6b7516, org.springframework.test.context.support.DirtiesContextBeforeModesTestExecutionListener@7e164aae, org.springframework.boot.test.autoconfigure.SpringBootDependencyInjectionTestExecutionListener@6ced66f7, org.springframework.test.context.support.DirtiesContextTestExecutionListener@636bb62, org.springframework.test.context.transaction.TransactionalTestExecutionListener@6714ad77, org.springframework.test.context.jdbc.SqlScriptsTestExecutionListener@2b9bd801, org.springframework.boot.test.autoconfigure.web.servlet.WebDriverTestExecutionListener@2c46c95b, org.springframework.boot.test.autoconfigure.restdocs.RestDocsTestExecutionListener@1f989a1a, org.springframework.boot.test.mock.mockito.MockitoTestExecutionListener@5d25e38b, org.springframework.boot.test.autoconfigure.web.client.MockRestServiceServerResetTestExecutionListener@280b63fe, org.springframework.boot.test.autoconfigure.web.servlet.MockMvcPrintOnlyOnFailureTestExecutionListener@329d7bb5, org.springframework.boot.test.mock.mockito.ResetMocksTestExecutionListener@698e6fb6]
]]></system-out>
  <system-err><![CDATA[]]></system-err>
</testsuite>
